This is pdfTeX, Version 3.141592653-2.6-1.40.24 (TeX Live 2022) (preloaded format=pdflatex 2022.4.20)  16 MAY 2022 22:41
entering extended mode
 restricted \write18 enabled.
 file:line:error style messages enabled.
 %&-line parsing enabled.
**/Users/gabrielmiranda/Desktop/Universicosas/Resumenes/main.tex
(/Users/gabrielmiranda/Desktop/Universicosas/Resumenes/main.tex
LaTeX2e <2021-11-15> patch level 1
L3 programming layer <2022-02-24>

/Users/gabrielmiranda/Desktop/Universicosas/Resumenes/main.tex:12: LaTeX Error: Missing \begin{document}.

See the LaTeX manual or LaTeX Companion for explanation.
Type  H <return>  for immediate help.
 ...                                              
                                                  
l.12 p
      dflatex --job-name=dog cat.tex
You're in trouble here.  Try typing  <return>  to proceed.
If that doesn't work, type  X <return>  to quit.

Missing character: There is no p in font nullfont!
Missing character: There is no d in font nullfont!
Missing character: There is no f in font nullfont!
Missing character: There is no l in font nullfont!
Missing character: There is no a in font nullfont!
Missing character: There is no t in font nullfont!
Missing character: There is no e in font nullfont!
Missing character: There is no x in font nullfont!
Missing character: There is no - in font nullfont!
Missing character: There is no - in font nullfont!
Missing character: There is no j in font nullfont!
Missing character: There is no o in font nullfont!
Missing character: There is no b in font nullfont!
Missing character: There is no - in font nullfont!
Missing character: There is no n in font nullfont!
Missing character: There is no a in font nullfont!
Missing character: There is no m in font nullfont!
Missing character: There is no e in font nullfont!
Missing character: There is no = in font nullfont!
Missing character: There is no d in font nullfont!
Missing character: There is no o in font nullfont!
Missing character: There is no g in font nullfont!
Missing character: There is no c in font nullfont!
Missing character: There is no a in font nullfont!
Missing character: There is no t in font nullfont!
Missing character: There is no . in font nullfont!
Missing character: There is no t in font nullfont!
Missing character: There is no e in font nullfont!
Missing character: There is no x in font nullfont!
(/usr/local/texlive/2022/texmf-dist/tex/latex/base/article.cls
Document Class: article 2021/10/04 v1.4n Standard LaTeX document class
(/usr/local/texlive/2022/texmf-dist/tex/latex/base/size10.clo
File: size10.clo 2021/10/04 v1.4n Standard LaTeX file (size option)
)
\c@part=\count185
\c@section=\count186
\c@subsection=\count187
\c@subsubsection=\count188
\c@paragraph=\count189
\c@subparagraph=\count190

Overfull \hbox (20.0pt too wide) in paragraph at lines 12--274
[]
 []

\c@figure=\count191
\c@table=\count192
\abovecaptionskip=\skip47
\belowcaptionskip=\skip48
\bibindent=\dimen138
[1{/usr/local/texlive/2022/texmf-var/fonts/map/pdftex/updmap/pdftex.map}]) (./template.tex (./src/defs.tex) (./src/config.tex) (./src/env/imports.tex (/usr/local/texlive/2022/texmf-dist/tex/generic/iftex/iftex.sty
Package: iftex 2022/02/03 v1.0f TeX engine tests
) (/usr/local/texlive/2022/texmf-dist/tex/latex/base/ifthen.sty
Package: ifthen 2020/11/24 v1.1c Standard LaTeX ifthen package (DPC)
) (/usr/local/texlive/2022/texmf-dist/tex/latex/tracklang/tracklang.sty
Package: tracklang 2020/06/30 v1.5 (NLCT) Track Languages
 (/usr/local/texlive/2022/texmf-dist/tex/generic/tracklang/tracklang.tex)) (/usr/local/texlive/2022/texmf-dist/tex/generic/babel/babel.sty
Package: babel 2022/02/26 3.73 The Babel package
\babel@savecnt=\count193
\U@D=\dimen139
\l@unhyphenated=\language87
 (/usr/local/texlive/2022/texmf-dist/tex/generic/babel/txtbabel.def)
\bbl@readstream=\read2
\bbl@dirlevel=\count194
 (/usr/local/texlive/2022/texmf-dist/tex/generic/babel-spanish/spanish.ldf
Language: spanish.ldf 2021/05/27 v5.0q Spanish support from the babel system
\es@quottoks=\toks16
\es@quotdepth=\count195
Package babel Info: Making " an active character on input line 570.
Package babel Info: Making . an active character on input line 675.
)) (/usr/local/texlive/2022/texmf-dist/tex/latex/sectsty/sectsty.sty
Package: sectsty 2002/02/25 v2.0.2 Commands to change all sectional heading styles
) (/usr/local/texlive/2022/texmf-dist/tex/latex/base/inputenc.sty
Package: inputenc 2021/02/14 v1.3d Input encoding file
\inpenc@prehook=\toks17
\inpenc@posthook=\toks18
) (/usr/local/texlive/2022/texmf-dist/tex/latex/amsmath/amsmath.sty
Package: amsmath 2021/10/15 v2.17l AMS math features
\@mathmargin=\skip49

For additional information on amsmath, use the `?' option.
(/usr/local/texlive/2022/texmf-dist/tex/latex/amsmath/amstext.sty
Package: amstext 2021/08/26 v2.01 AMS text
 (/usr/local/texlive/2022/texmf-dist/tex/latex/amsmath/amsgen.sty
File: amsgen.sty 1999/11/30 v2.0 generic functions
\@emptytoks=\toks19
\ex@=\dimen140
)) (/usr/local/texlive/2022/texmf-dist/tex/latex/amsmath/amsbsy.sty
Package: amsbsy 1999/11/29 v1.2d Bold Symbols
\pmbraise@=\dimen141
) (/usr/local/texlive/2022/texmf-dist/tex/latex/amsmath/amsopn.sty
Package: amsopn 2021/08/26 v2.02 operator names
)
\inf@bad=\count196
LaTeX Info: Redefining \frac on input line 234.
\uproot@=\count197
\leftroot@=\count198
LaTeX Info: Redefining \overline on input line 399.
\classnum@=\count199
\DOTSCASE@=\count266
LaTeX Info: Redefining \ldots on input line 496.
LaTeX Info: Redefining \dots on input line 499.
LaTeX Info: Redefining \cdots on input line 620.
\Mathstrutbox@=\box50
\strutbox@=\box51
\big@size=\dimen142
LaTeX Font Info:    Redeclaring font encoding OML on input line 743.
LaTeX Font Info:    Redeclaring font encoding OMS on input line 744.
\macc@depth=\count267
\c@MaxMatrixCols=\count268
\dotsspace@=\muskip16
\c@parentequation=\count269
\dspbrk@lvl=\count270
\tag@help=\toks20
\row@=\count271
\column@=\count272
\maxfields@=\count273
\andhelp@=\toks21
\eqnshift@=\dimen143
\alignsep@=\dimen144
\tagshift@=\dimen145
\tagwidth@=\dimen146
\totwidth@=\dimen147
\lineht@=\dimen148
\@envbody=\toks22
\multlinegap=\skip50
\multlinetaggap=\skip51
\mathdisplay@stack=\toks23
LaTeX Info: Redefining \[ on input line 2938.
LaTeX Info: Redefining \] on input line 2939.
) (/usr/local/texlive/2022/texmf-dist/tex/latex/koma-script/scrextend.sty
Package: scrextend 2021/11/13 v3.35 KOMA-Script package (extend other classes with features of KOMA-Script classes)
 (/usr/local/texlive/2022/texmf-dist/tex/latex/koma-script/scrkbase.sty
Package: scrkbase 2021/11/13 v3.35 KOMA-Script package (KOMA-Script-dependent basics and keyval usage)
 (/usr/local/texlive/2022/texmf-dist/tex/latex/koma-script/scrbase.sty
Package: scrbase 2021/11/13 v3.35 KOMA-Script package (KOMA-Script-independent basics and keyval usage)
 (/usr/local/texlive/2022/texmf-dist/tex/latex/koma-script/scrlfile.sty
Package: scrlfile 2021/11/13 v3.35 KOMA-Script package (file load hooks)
 (/usr/local/texlive/2022/texmf-dist/tex/latex/koma-script/scrlfile-hook.sty
Package: scrlfile-hook 2021/11/13 v3.35 KOMA-Script package (using LaTeX hooks)
 (/usr/local/texlive/2022/texmf-dist/tex/latex/koma-script/scrlogo.sty
Package: scrlogo 2021/11/13 v3.35 KOMA-Script package (logo)
))) (/usr/local/texlive/2022/texmf-dist/tex/latex/graphics/keyval.sty
Package: keyval 2014/10/28 v1.15 key=value parser (DPC)
\KV@toks@=\toks24
)
Applying: [2021/05/01] Usage of raw or classic option list on input line 252.
Already applied: [0000/00/00] Usage of raw or classic option list on input line 368.
))) (/usr/local/texlive/2022/texmf-dist/tex/latex/anyfontsize/anyfontsize.sty
Package: anyfontsize 2007/11/22 anyfontsize.sty by pts
) (/usr/local/texlive/2022/texmf-dist/tex/latex/animate/animate.sty
Package: animate 2022/02/21 PDF & SVG animations from files and inline graphics
 (/usr/local/texlive/2022/texmf-dist/tex/latex/xkeyval/xkeyval.sty
Package: xkeyval 2020/11/20 v2.8 package option processing (HA)
 (/usr/local/texlive/2022/texmf-dist/tex/generic/xkeyval/xkeyval.tex (/usr/local/texlive/2022/texmf-dist/tex/generic/xkeyval/xkvutils.tex
\XKV@toks=\toks25
\XKV@tempa@toks=\toks26
)
\XKV@depth=\count274
File: xkeyval.tex 2014/12/03 v2.7a key=value parser (HA)
)) (/usr/local/texlive/2022/texmf-dist/tex/latex/oberdiek/ifdraft.sty
Package: ifdraft 2016/05/16 v1.4 Detect class options draft and final (HO)
) (/usr/local/texlive/2022/texmf-dist/tex/latex/tools/calc.sty
Package: calc 2017/05/25 v4.3 Infix arithmetic (KKT,FJ)
\calc@Acount=\count275
\calc@Bcount=\count276
\calc@Adimen=\dimen149
\calc@Bdimen=\dimen150
\calc@Askip=\skip52
\calc@Bskip=\skip53
LaTeX Info: Redefining \setlength on input line 80.
LaTeX Info: Redefining \addtolength on input line 81.
\calc@Ccount=\count277
\calc@Cskip=\skip54
) (/usr/local/texlive/2022/texmf-dist/tex/latex/graphics/graphics.sty
Package: graphics 2021/03/04 v1.4d Standard LaTeX Graphics (DPC,SPQR)
 (/usr/local/texlive/2022/texmf-dist/tex/latex/graphics/trig.sty
Package: trig 2021/08/11 v1.11 sin cos tan (DPC)
) (/usr/local/texlive/2022/texmf-dist/tex/latex/graphics-cfg/graphics.cfg
File: graphics.cfg 2016/06/04 v1.11 sample graphics configuration
)
Package graphics Info: Driver file: pdftex.def on input line 107.
 (/usr/local/texlive/2022/texmf-dist/tex/latex/graphics-def/pdftex.def
File: pdftex.def 2020/10/05 v1.2a Graphics/color driver for pdftex
)) (/usr/local/texlive/2022/texmf-dist/tex/latex/zref/zref-abspage.sty
Package: zref-abspage 2020-07-03 v2.32 Module abspage for zref (HO)
 (/usr/local/texlive/2022/texmf-dist/tex/latex/zref/zref-base.sty
Package: zref-base 2020-07-03 v2.32 Module base for zref (HO)
 (/usr/local/texlive/2022/texmf-dist/tex/generic/ltxcmds/ltxcmds.sty
Package: ltxcmds 2020-05-10 v1.25 LaTeX kernel commands for general use (HO)
) (/usr/local/texlive/2022/texmf-dist/tex/generic/infwarerr/infwarerr.sty
Package: infwarerr 2019/12/03 v1.5 Providing info/warning/error messages (HO)
) (/usr/local/texlive/2022/texmf-dist/tex/generic/kvsetkeys/kvsetkeys.sty
Package: kvsetkeys 2019/12/15 v1.18 Key value parser (HO)
) (/usr/local/texlive/2022/texmf-dist/tex/generic/kvdefinekeys/kvdefinekeys.sty
Package: kvdefinekeys 2019-12-19 v1.6 Define keys (HO)
) (/usr/local/texlive/2022/texmf-dist/tex/generic/pdftexcmds/pdftexcmds.sty
Package: pdftexcmds 2020-06-27 v0.33 Utility functions of pdfTeX for LuaTeX (HO)
Package pdftexcmds Info: \pdf@primitive is available.
Package pdftexcmds Info: \pdf@ifprimitive is available.
Package pdftexcmds Info: \pdfdraftmode found.
) (/usr/local/texlive/2022/texmf-dist/tex/generic/etexcmds/etexcmds.sty
Package: etexcmds 2019/12/15 v1.7 Avoid name clashes with e-TeX commands (HO)
) (/usr/local/texlive/2022/texmf-dist/tex/latex/auxhook/auxhook.sty
Package: auxhook 2019-12-17 v1.6 Hooks for auxiliary files (HO)
)
Package zref Info: New property list: main on input line 764.
Package zref Info: New property: default on input line 765.
Package zref Info: New property: page on input line 766.
) (/usr/local/texlive/2022/texmf-dist/tex/latex/base/atbegshi-ltx.sty
Package: atbegshi-ltx 2021/01/10 v1.0c Emulation of the original atbegshi
package with kernel methods
)
\c@abspage=\count278
Package zref Info: New property: abspage on input line 66.
) (/usr/local/texlive/2022/texmf-dist/tex/latex/media9/pdfbase.sty (/usr/local/texlive/2022/texmf-dist/tex/latex/l3packages/l3keys2e/l3keys2e.sty (/usr/local/texlive/2022/texmf-dist/tex/latex/l3kernel/expl3.sty
Package: expl3 2022-02-24 L3 programming layer (loader) 
 (/usr/local/texlive/2022/texmf-dist/tex/latex/l3backend/l3backend-pdftex.def
File: l3backend-pdftex.def 2022-02-07 L3 backend support: PDF output (pdfTeX)
\l__color_backend_stack_int=\count279
\l__pdf_internal_box=\box52
))
Package: l3keys2e 2022-01-12 LaTeX2e option processing using LaTeX3 keys
)
Package: pdfbase 2022/03/18 v0.54 driver independent access to low-level PDF features
\g_pbs_page_int=\count280
\g_pbs_oc_int=\count281
) (/usr/local/texlive/2022/texmf-dist/tex/latex/ocgx2/ocgbase.sty
Package: ocgbase 2021/06/11 v0.20 support package for ocgx2.sty
\g_ocgbase_nd_int=\count282
)
\@anim@box=\box53
\@anim@measbox=\box54
\@anim@tmpdima=\dimen151
\@anim@tmpdimb=\dimen152
\@anim@num=\count283
\@anim@curframe=\count284
\@anim@curframe@zb=\count285
\@anim@resizeflags=\count286
\@anim@skipfram=\count287
\@anim@mulframecnt=\count288
\@anim@@tmlnfile=\read3
\@anim@tmpcnt=\count289
\c@@anim@ltxcnt=\count290
\@anim@curlayer=\count291
\@anim@lineno=\count292
\@anim@curfield=\count293
\@anim@@resizeflags=\count294
) (/usr/local/texlive/2022/texmf-dist/tex/latex/amsfonts/amssymb.sty
Package: amssymb 2013/01/14 v3.01 AMS font symbols
 (/usr/local/texlive/2022/texmf-dist/tex/latex/amsfonts/amsfonts.sty
Package: amsfonts 2013/01/14 v3.01 Basic AMSFonts support
\symAMSa=\mathgroup4
\symAMSb=\mathgroup5
LaTeX Font Info:    Redeclaring math symbol \hbar on input line 98.
LaTeX Font Info:    Overwriting math alphabet `\mathfrak' in version `bold'
(Font)                  U/euf/m/n --> U/euf/b/n on input line 106.
)) (/usr/local/texlive/2022/texmf-dist/tex/latex/amscls/amsthm.sty
Package: amsthm 2020/05/29 v2.20.6
\thm@style=\toks27
\thm@bodyfont=\toks28
\thm@headfont=\toks29
\thm@notefont=\toks30
\thm@headpunct=\toks31
\thm@preskip=\skip55
\thm@postskip=\skip56
\thm@headsep=\skip57
\dth@everypar=\toks32
) (/usr/local/texlive/2022/texmf-dist/tex/latex/tools/array.sty
Package: array 2021/10/04 v2.5f Tabular extension package (FMi)
\col@sep=\dimen153
\ar@mcellbox=\box55
\extrarowheight=\dimen154
\NC@list=\toks33
\extratabsurround=\skip58
\backup@length=\skip59
\ar@cellbox=\box56
) (/usr/local/texlive/2022/texmf-dist/tex/latex/multirow/bigstrut.sty
Package: bigstrut 2021/03/15 v2.8 Provide larger struts in tabulars
\bigstrutjot=\dimen155
) (/usr/local/texlive/2022/texmf-dist/tex/latex/tools/bm.sty
Package: bm 2021/04/25 v1.2e Bold Symbol Support (DPC/FMi)
Package bm Info: No bold for \OMX/cmex/m/n, using \pmb.
Package bm Info: No bold for \U/msa/m/n, using \pmb.
Package bm Info: No bold for \U/msb/m/n, using \pmb.
) (/usr/local/texlive/2022/texmf-dist/tex/latex/booktabs/booktabs.sty
Package: booktabs 2020/01/12 v1.61803398 Publication quality tables
\heavyrulewidth=\dimen156
\lightrulewidth=\dimen157
\cmidrulewidth=\dimen158
\belowrulesep=\dimen159
\belowbottomsep=\dimen160
\aboverulesep=\dimen161
\abovetopsep=\dimen162
\cmidrulesep=\dimen163
\cmidrulekern=\dimen164
\defaultaddspace=\dimen165
\@cmidla=\count295
\@cmidlb=\count296
\@aboverulesep=\dimen166
\@belowrulesep=\dimen167
\@thisruleclass=\count297
\@lastruleclass=\count298
\@thisrulewidth=\dimen168
) (/usr/local/texlive/2022/texmf-dist/tex/latex/caption/caption.sty
Package: caption 2022/03/01 v3.6b Customizing captions (AR)
 (/usr/local/texlive/2022/texmf-dist/tex/latex/caption/caption3.sty
Package: caption3 2022/03/17 v2.3b caption3 kernel (AR)
\caption@tempdima=\dimen169
\captionmargin=\dimen170
\caption@leftmargin=\dimen171
\caption@rightmargin=\dimen172
\caption@width=\dimen173
\caption@indent=\dimen174
\caption@parindent=\dimen175
\caption@hangindent=\dimen176
Package caption Info: Standard document class detected.
)
\c@caption@flags=\count299
\c@continuedfloat=\count300
) (/usr/local/texlive/2022/texmf-dist/tex/latex/chngcntr/chngcntr.sty
Package: chngcntr 2018/04/09 v1.1a change counter resetting
) (/usr/local/texlive/2022/texmf-dist/tex/latex/graphics/color.sty
Package: color 2021/12/07 v1.3c Standard LaTeX Color (DPC)
 (/usr/local/texlive/2022/texmf-dist/tex/latex/graphics-cfg/color.cfg
File: color.cfg 2016/01/02 v1.6 sample color configuration
)
Package color Info: Driver file: pdftex.def on input line 149.
) (/usr/local/texlive/2022/texmf-dist/tex/latex/datetime/datetime.sty
Package: datetime 2015/03/20 v2.60 Date Time Package
 (/usr/local/texlive/2022/texmf-dist/tex/latex/etoolbox/etoolbox.sty
Package: etoolbox 2020/10/05 v2.5k e-TeX tools for LaTeX (JAW)
\etb@tempcnta=\count301
) (/usr/local/texlive/2022/texmf-dist/tex/latex/fmtcount/fmtcount.sty
Package: fmtcount 2020/01/30 v3.07
 (/usr/local/texlive/2022/texmf-dist/tex/latex/fmtcount/fcprefix.sty
Package: fcprefix 2012/09/28
 (/usr/local/texlive/2022/texmf-dist/tex/latex/fmtcount/fcnumparser.sty
Package: fcnumparser 2017/06/15
\fc@digit@counter=\count302
))
\c@padzeroesN=\count303
\fc@tmpcatcode=\count304
 (/usr/local/texlive/2022/texmf-dist/tex/latex/fmtcount/fc-spanish.def
File: fc-spanish.def 2016/01/12
)
\@DT@modctr=\count305
\@ordinalctr=\count306
\@orgargctr=\count307
\@strctr=\count308
\@tmpstrctr=\count309
\@DT@loopN=\count310
\@DT@X=\count311
) (/usr/local/texlive/2022/texmf-dist/tex/latex/datetime/datetime-defaults.sty
Package: datetime-defaults 2013/09/10
)
\@day=\count312
\@month=\count313
\@year=\count314
\c@HOUR=\count315
\c@HOURXII=\count316
\c@MINUTE=\count317
\c@TOHOUR=\count318
\c@TOMINUTE=\count319
\c@SECOND=\count320
\currenthour=\count321
\currentminute=\count322
\currentsecond=\count323
Package datetime Info: No datetime.cfg file found, using default settings on input line 308.
 (/usr/local/texlive/2022/texmf-dist/tex/latex/datetime/dt-spanish.def
File: dt-spanish.def 2013/09/10
LaTeX Info: Redefining \datespanish on input line 85.
)
\@dtctr=\count324
\dayofyear=\count325
\dayofweek=\count326
LaTeX Info: Redefining \today on input line 736.
\dt@a=\toks34
\dt@b=\toks35
) (/usr/local/texlive/2022/texmf-dist/tex/latex/sttools/floatpag.sty
Package: floatpag 2021/10/04 v2.0 Different pagestyles on float pages
) (/usr/local/texlive/2022/texmf-dist/tex/latex/floatrow/floatrow.sty
Package: floatrow 2008/08/02 v0.3b floatrow: float package extension
\c@float@type=\count327
\float@exts=\toks36
\float@box=\box57
\@floatcapt=\box58
Package floatrow Info: Modified float package code loaded on input line 455.
Package floatrow Info: Modified rotfloat package code loaded on input line 473.
\FR@everyfloat=\toks37
\flrow@foot=\insert252
\FB@wd=\dimen177
\FBo@wd=\dimen178
\FBc@wd=\dimen179
\FBo@ht=\skip60
\FBc@ht=\skip61
\FBf@ht=\skip62
\FBo@max=\skip63
\FBc@max=\skip64
\FBf@max=\skip65
\c@FBl@b=\count328
\floatbox@depth=\count329
\c@FRobj=\count330
\c@FRsobj=\count331
\Xhsize=\skip66
\sXhsize=\skip67
\Zhsize=\skip68
\sZhsize=\skip69
\flrow@rowbox=\box59
\FR@Zunitlength=\dimen180
\c@FBcnt=\count332
\FPOScnt=\count333
\LTleft=\skip70
\LTright=\skip71
\LTleft=\skip72
\LTright=\skip73
\flrow@types=\toks38
) (/usr/local/texlive/2022/texmf-dist/tex/latex/framed/framed.sty
Package: framed 2011/10/22 v 0.96: framed or shaded text with page breaks
\OuterFrameSep=\skip74
\fb@frw=\dimen181
\fb@frh=\dimen182
\FrameRule=\dimen183
\FrameSep=\dimen184
) (/usr/local/texlive/2022/texmf-dist/tex/latex/was/gensymb.sty
Package: gensymb 2003/07/02 v1.0 (WaS)
) (/usr/local/texlive/2022/texmf-dist/tex/latex/graphics/graphicx.sty
Package: graphicx 2021/09/16 v1.2d Enhanced LaTeX Graphics (DPC,SPQR)
\Gin@req@height=\dimen185
\Gin@req@width=\dimen186
) (/usr/local/texlive/2022/texmf-dist/tex/latex/lipsum/lipsum.sty
Package: lipsum 2021-09-20 v2.7 150 paragraphs of Lorem Ipsum dummy text
\g__lipsum_par_int=\count334
\l__lipsum_a_int=\count335
\l__lipsum_b_int=\count336
 (/usr/local/texlive/2022/texmf-dist/tex/latex/lipsum/lipsum.ltd.tex)) (/usr/local/texlive/2022/texmf-dist/tex/latex/listings/listings.sty
\lst@mode=\count337
\lst@gtempboxa=\box60
\lst@token=\toks39
\lst@length=\count338
\lst@currlwidth=\dimen187
\lst@column=\count339
\lst@pos=\count340
\lst@lostspace=\dimen188
\lst@width=\dimen189
\lst@newlines=\count341
\lst@lineno=\count342
\lst@maxwidth=\dimen190
 (/usr/local/texlive/2022/texmf-dist/tex/latex/listings/lstmisc.sty
File: lstmisc.sty 2020/03/24 1.8d (Carsten Heinz)
\c@lstnumber=\count343
\lst@skipnumbers=\count344
\lst@framebox=\box61
) (/usr/local/texlive/2022/texmf-dist/tex/latex/listings/listings.cfg
File: listings.cfg 2020/03/24 1.8d listings configuration
))
Package: listings 2020/03/24 1.8d (Carsten Heinz)
 (/usr/local/texlive/2022/texmf-dist/tex/latex/tools/longtable.sty
Package: longtable 2021-09-01 v4.17 Multi-page Table package (DPC)
\LTleft=\skip75
\LTright=\skip76
\LTpre=\skip77
\LTpost=\skip78
\LTchunksize=\count345
\LTcapwidth=\dimen191
\LT@head=\box62
\LT@firsthead=\box63
\LT@foot=\box64
\LT@lastfoot=\box65
\LT@gbox=\box66
\LT@cols=\count346
\LT@rows=\count347
\c@LT@tables=\count348
\c@LT@chunks=\count349
\LT@p@ftn=\toks40
) (/usr/local/texlive/2022/texmf-dist/tex/latex/mathtools/mathtools.sty
Package: mathtools 2022/02/07 v1.28a mathematical typesetting tools
 (/usr/local/texlive/2022/texmf-dist/tex/latex/mathtools/mhsetup.sty
Package: mhsetup 2021/03/18 v1.4 programming setup (MH)
)
\g_MT_multlinerow_int=\count350
\l_MT_multwidth_dim=\dimen192
\origjot=\skip79
\l_MT_shortvdotswithinadjustabove_dim=\dimen193
\l_MT_shortvdotswithinadjustbelow_dim=\dimen194
\l_MT_above_intertext_sep=\dimen195
\l_MT_below_intertext_sep=\dimen196
\l_MT_above_shortintertext_sep=\dimen197
\l_MT_below_shortintertext_sep=\dimen198
\xmathstrut@box=\box67
\xmathstrut@dim=\dimen199
) (/usr/local/texlive/2022/texmf-dist/tex/latex/tools/multicol.sty
Package: multicol 2021/10/28 v1.9b multicolumn formatting (FMi)
\c@tracingmulticols=\count351
\mult@box=\box68
\multicol@leftmargin=\dimen256
\c@unbalance=\count352
\c@collectmore=\count353
\doublecol@number=\count354
\multicoltolerance=\count355
\multicolpretolerance=\count356
\full@width=\dimen257
\page@free=\dimen258
\premulticols=\dimen259
\postmulticols=\dimen260
\multicolsep=\skip80
\multicolbaselineskip=\skip81
\partial@page=\box69
\last@line=\box70
\maxbalancingoverflow=\dimen261
\mult@rightbox=\box71
\mult@grightbox=\box72
\mult@firstbox=\box73
\mult@gfirstbox=\box74
\@tempa=\box75
\@tempa=\box76
\@tempa=\box77
\@tempa=\box78
\@tempa=\box79
\@tempa=\box80
\@tempa=\box81
\@tempa=\box82
\@tempa=\box83
\@tempa=\box84
\@tempa=\box85
\@tempa=\box86
\@tempa=\box87
\@tempa=\box88
\@tempa=\box89
\@tempa=\box90
\@tempa=\box91
\@tempa=\box92
\@tempa=\box93
\@tempa=\box94
\@tempa=\box95
\@tempa=\box96
\@tempa=\box97
\@tempa=\box98
\@tempa=\box99
\@tempa=\box100
\@tempa=\box101
\@tempa=\box102
\@tempa=\box103
\@tempa=\box104
\@tempa=\box105
\@tempa=\box106
\@tempa=\box107
\@tempa=\box108
\@tempa=\box109
\@tempa=\box110
\c@minrows=\count357
\c@columnbadness=\count358
\c@finalcolumnbadness=\count359
\last@try=\dimen262
\multicolovershoot=\dimen263
\multicolundershoot=\dimen264
\mult@nat@firstbox=\box111
\colbreak@box=\box112
\mc@col@check@num=\count360
) (/usr/local/texlive/2022/texmf-dist/tex/latex/needspace/needspace.sty
Package: needspace 2010/09/12 v1.3d reserve vertical space
) (/usr/local/texlive/2022/texmf-dist/tex/latex/pdflscape/pdflscape.sty
Package: pdflscape 2019/12/05 v0.12 Display of landscape pages in PDF (HO)
 (/usr/local/texlive/2022/texmf-dist/tex/latex/graphics/lscape.sty
Package: lscape 2020/05/28 v3.02 Landscape Pages (DPC)
)
Package pdflscape Info: Auto-detected driver: pdftex on input line 81.
) (/usr/local/texlive/2022/texmf-dist/tex/latex/pdfpages/pdfpages.sty
Package: pdfpages 2022/01/29 v0.5u Insert pages of external PDF documents (AM)
 (/usr/local/texlive/2022/texmf-dist/tex/latex/eso-pic/eso-pic.sty
Package: eso-pic 2020/10/14 v3.0a eso-pic (RN)
\ESO@tempdima=\dimen265
\ESO@tempdimb=\dimen266
)
\AM@pagewidth=\dimen267
\AM@pageheight=\dimen268
\AM@fboxrule=\dimen269
 (/usr/local/texlive/2022/texmf-dist/tex/latex/pdfpages/pppdftex.def
File: pppdftex.def 2022/01/29 v0.5u Pdfpages driver for pdfTeX (AM)
)
\pdfpages@includegraphics@status=\count361
\AM@pagebox=\box113
\AM@global@opts=\toks41
\AM@pagecnt=\count362
\AM@toc@title=\toks42
\c@AM@survey=\count363
\AM@templatesizebox=\box114
) (/usr/local/texlive/2022/texmf-dist/tex/latex/physics/physics.sty
Package: physics 
 (/usr/local/texlive/2022/texmf-dist/tex/latex/l3packages/xparse/xparse.sty
Package: xparse 2022-01-12 L3 Experimental document command parser
)) (/usr/local/texlive/2022/texmf-dist/tex/latex/ragged2e/ragged2e.sty
Package: ragged2e 2021/12/15 v3.1 ragged2e Package
\CenteringLeftskip=\skip82
\RaggedLeftLeftskip=\skip83
\RaggedRightLeftskip=\skip84
\CenteringRightskip=\skip85
\RaggedLeftRightskip=\skip86
\RaggedRightRightskip=\skip87
\CenteringParfillskip=\skip88
\RaggedLeftParfillskip=\skip89
\RaggedRightParfillskip=\skip90
\JustifyingParfillskip=\skip91
\CenteringParindent=\skip92
\RaggedLeftParindent=\skip93
\RaggedRightParindent=\skip94
\JustifyingParindent=\skip95
) (/usr/local/texlive/2022/texmf-dist/tex/latex/realboxes/realboxes.sty
Package: realboxes 2011/08/08 v0.2 Change box commands to read there content as real boxes
 (/usr/local/texlive/2022/texmf-dist/tex/latex/collectbox/collectbox.sty
Package: collectbox 2012/05/17 v0.4b Collect macro arguments as boxes
\collectedbox=\box115
) (/usr/local/texlive/2022/texmf-dist/tex/latex/adjustbox/adjcalc.sty
Package: adjcalc 2012/05/16 v1.1 Provides advanced setlength with multiple back-ends (calc, etex, pgfmath)
)) (/usr/local/texlive/2022/texmf-dist/tex/latex/graphics/rotating.sty
Package: rotating 2016/08/11 v2.16d rotated objects in LaTeX
\c@r@tfl@t=\count364
\rotFPtop=\skip96
\rotFPbot=\skip97
\rot@float@box=\box116
\rot@mess@toks=\toks43
) (/usr/local/texlive/2022/texmf-dist/tex/latex/selinput/selinput.sty
Package: selinput 2019-12-10 v1.6 Semi-automatic input encoding detection (HO)
 (/usr/local/texlive/2022/texmf-dist/tex/generic/stringenc/stringenc.sty
Package: stringenc 2019/11/29 v1.12 Convert strings between diff. encodings (HO)
 (/usr/local/texlive/2022/texmf-dist/tex/generic/pdfescape/pdfescape.sty
Package: pdfescape 2019/12/09 v1.15 Implements pdfTeX's escape features (HO)
)) (/usr/local/texlive/2022/texmf-dist/tex/latex/kvoptions/kvoptions.sty
Package: kvoptions 2020-10-07 v3.14 Key value format for package options (HO)
)) (/usr/local/texlive/2022/texmf-dist/tex/latex/setspace/setspace.sty
Package: setspace 2011/12/19 v6.7a set line spacing
) (/usr/local/texlive/2022/texmf-dist/tex/generic/soul/soul.sty
Package: soul 2003/11/17 v2.4 letterspacing/underlining (mf)
\SOUL@word=\toks44
\SOUL@lasttoken=\toks45
\SOUL@cmds=\toks46
\SOUL@buffer=\toks47
\SOUL@token=\toks48
\SOUL@spaceskip=\skip98
\SOUL@ttwidth=\dimen270
\SOUL@uldp=\dimen271
\SOUL@ulht=\dimen272
) (/usr/local/texlive/2022/texmf-dist/tex/latex/sttools/stfloats.sty
Package: stfloats 2017/03/27 v3.3 Improve float mechanism and baselineskip settings
\@dblbotnum=\count365
\c@dblbotnumber=\count366
) (/usr/local/texlive/2022/texmf-dist/tex/latex/subfig/subfig.sty
Package: subfig 2005/06/28 ver: 1.3 subfig package
\c@KVtest=\count367
\sf@farskip=\skip99
\sf@captopadj=\dimen273
\sf@capskip=\skip100
\sf@nearskip=\skip101
\c@subfigure=\count368
\c@subfigure@save=\count369
\c@lofdepth=\count370
\c@subtable=\count371
\c@subtable@save=\count372
\c@lotdepth=\count373
\sf@top=\skip102
\sf@bottom=\skip103
) (/usr/local/texlive/2022/texmf-dist/tex/latex/base/textcomp.sty
Package: textcomp 2020/02/02 v2.0n Standard LaTeX package
) (/usr/local/texlive/2022/texmf-dist/tex/latex/wrapfig/wrapfig.sty
\wrapoverhang=\dimen274
\WF@size=\dimen275
\c@WF@wrappedlines=\count374
\WF@box=\box117
\WF@everypar=\toks49
Package: wrapfig 2003/01/31  v 3.6
) (/usr/local/texlive/2022/texmf-dist/tex/latex/tools/xspace.sty
Package: xspace 2014/10/28 v1.13 Space after command names (DPC,MH)
) (/usr/local/texlive/2022/texmf-dist/tex/latex/xurl/xurl.sty
Package: xurl 2022/01/09 v 0.10 modify URL breaks
 (/usr/local/texlive/2022/texmf-dist/tex/latex/url/url.sty
\Urlmuskip=\muskip17
Package: url 2013/09/16  ver 3.4  Verb mode for urls, etc.
)) (/usr/local/texlive/2022/texmf-dist/tex/latex/adjustbox/adjustbox.sty
Package: adjustbox 2020/08/19 v1.3 Adjusting TeX boxes (trim, clip, ...)
 (/usr/local/texlive/2022/texmf-dist/tex/latex/adjustbox/trimclip.sty
Package: trimclip 2020/08/19 v1.2 Trim and clip general TeX material
\tc@llx=\dimen276
\tc@lly=\dimen277
\tc@urx=\dimen278
\tc@ury=\dimen279
Package trimclip Info: Using driver 'tc-pdftex.def'.
 (/usr/local/texlive/2022/texmf-dist/tex/latex/adjustbox/tc-pdftex.def
File: tc-pdftex.def 2019/01/04 v2.2 Clipping driver for pdftex
))
\adjbox@Width=\dimen280
\adjbox@Height=\dimen281
\adjbox@Depth=\dimen282
\adjbox@Totalheight=\dimen283
\adjbox@pwidth=\dimen284
\adjbox@pheight=\dimen285
\adjbox@pdepth=\dimen286
\adjbox@ptotalheight=\dimen287
 (/usr/local/texlive/2022/texmf-dist/tex/latex/ifoddpage/ifoddpage.sty
Package: ifoddpage 2016/04/23 v1.1 Conditionals for odd/even page detection
\c@checkoddpage=\count375
) (/usr/local/texlive/2022/texmf-dist/tex/latex/varwidth/varwidth.sty
Package: varwidth 2009/03/30 ver 0.92;  Variable-width minipages
\@vwid@box=\box118
\sift@deathcycles=\count376
\@vwid@loff=\dimen288
\@vwid@roff=\dimen289
)) (/usr/local/texlive/2022/texmf-dist/tex/latex/cancel/cancel.sty
Package: cancel 2013/04/12 v2.2 Cancel math terms
) (/usr/local/texlive/2022/texmf-dist/tex/latex/enumitem/enumitem.sty
Package: enumitem 2019/06/20 v3.9 Customized lists
\labelindent=\skip104
\enit@outerparindent=\dimen290
\enit@toks=\toks50
\enit@inbox=\box119
\enit@count@id=\count377
\enitdp@description=\count378
) (/usr/local/texlive/2022/texmf-dist/tex/latex/tocloft/tocloft.sty
Package: tocloft 2017/08/31 v2.3i parameterised ToC, etc., typesetting
Package tocloft Info: The document has section divisions on input line 51.
\cftparskip=\skip105
\cftbeforetoctitleskip=\skip106
\cftaftertoctitleskip=\skip107
\cftbeforepartskip=\skip108
\cftpartnumwidth=\skip109
\cftpartindent=\skip110
\cftbeforesecskip=\skip111
\cftsecindent=\skip112
\cftsecnumwidth=\skip113
\cftbeforesubsecskip=\skip114
\cftsubsecindent=\skip115
\cftsubsecnumwidth=\skip116
\cftbeforesubsubsecskip=\skip117
\cftsubsubsecindent=\skip118
\cftsubsubsecnumwidth=\skip119
\cftbeforeparaskip=\skip120
\cftparaindent=\skip121
\cftparanumwidth=\skip122
\cftbeforesubparaskip=\skip123
\cftsubparaindent=\skip124
\cftsubparanumwidth=\skip125
\cftbeforeloftitleskip=\skip126
\cftafterloftitleskip=\skip127
\cftbeforefigskip=\skip128
\cftfigindent=\skip129
\cftfignumwidth=\skip130
\cftbeforelottitleskip=\skip131
\cftafterlottitleskip=\skip132
\cftbeforetabskip=\skip133
\cfttabindent=\skip134
\cfttabnumwidth=\skip135
\cftbeforesubfigskip=\skip136
\cftsubfigindent=\skip137
\cftsubfignumwidth=\skip138
\cftbeforesubtabskip=\skip139
\cftsubtabindent=\skip140
\cftsubtabnumwidth=\skip141
) (/usr/local/texlive/2022/texmf-dist/tex/latex/totalcount/totalcount.sty
Package: totalcount 2018/01/21 v1.0a Total values of counters (AR)
\c@totalcount@figure=\count379
\c@totalcount@table=\count380
\c@totalcount@lstlisting=\count381
) (/usr/local/texlive/2022/texmf-dist/tex/generic/ulem/ulem.sty
\UL@box=\box120
\UL@hyphenbox=\box121
\UL@skip=\skip142
\UL@hook=\toks51
\UL@height=\dimen291
\UL@pe=\count382
\UL@pixel=\dimen292
\ULC@box=\box122
Package: ulem 2019/11/18
\ULdepth=\dimen293
) (/usr/local/texlive/2022/texmf-dist/tex/latex/wasysym/wasysym.sty
Package: wasysym 2020/01/19 v2.4 Wasy-2 symbol support package
\symwasy=\mathgroup6
LaTeX Font Info:    Overwriting symbol font `wasy' in version `bold'
(Font)                  U/wasy/m/n --> U/wasy/b/n on input line 93.
) (/usr/local/texlive/2022/texmf-dist/tex/latex/xcolor/xcolor.sty
Package: xcolor 2021/10/31 v2.13 LaTeX color extensions (UK)
 (/usr/local/texlive/2022/texmf-dist/tex/latex/graphics-cfg/color.cfg
File: color.cfg 2016/01/02 v1.6 sample color configuration
)
Package xcolor Info: Package option `usenames' ignored on input line 218.
Package xcolor Info: Driver file: pdftex.def on input line 227.
 (/usr/local/texlive/2022/texmf-dist/tex/latex/colortbl/colortbl.sty
Package: colortbl 2020/01/04 v1.0e Color table columns (DPC)
\everycr=\toks52
\minrowclearance=\skip143
)
LaTeX Info: Redefining \color on input line 711.
\rownum=\count383
Package xcolor Info: Model `cmy' substituted by `cmy0' on input line 1352.
Package xcolor Info: Model `hsb' substituted by `rgb' on input line 1356.
Package xcolor Info: Model `RGB' extended on input line 1368.
Package xcolor Info: Model `HTML' substituted by `rgb' on input line 1370.
Package xcolor Info: Model `Hsb' substituted by `hsb' on input line 1371.
Package xcolor Info: Model `tHsb' substituted by `hsb' on input line 1372.
Package xcolor Info: Model `HSB' substituted by `hsb' on input line 1373.
Package xcolor Info: Model `Gray' substituted by `gray' on input line 1374.
Package xcolor Info: Model `wave' substituted by `hsb' on input line 1375.
 (/usr/local/texlive/2022/texmf-dist/tex/latex/graphics/dvipsnam.def
File: dvipsnam.def 2016/06/17 v3.0m Driver-dependent file (DPC,SPQR)
)) (/usr/local/texlive/2022/texmf-dist/tex/latex/listingsutf8/listingsutf8.sty
Package: listingsutf8 2019-12-10 v1.5 Allow UTF-8 in listings input (HO)
) (/usr/local/texlive/2022/texmf-dist/tex/latex/footmisc/footmisc.sty
Package: footmisc 2022/03/08 v6.0d a miscellany of footnote facilities
\FN@temptoken=\toks53
\footnotemargin=\dimen294
\@outputbox@depth=\dimen295
Package footmisc Info: Declaring symbol style bringhurst on input line 695.
Package footmisc Info: Declaring symbol style chicago on input line 703.
Package footmisc Info: Declaring symbol style wiley on input line 712.
Package footmisc Info: Declaring symbol style lamport-robust on input line 723.
Package footmisc Info: Declaring symbol style lamport* on input line 743.
Package footmisc Info: Declaring symbol style lamport*-robust on input line 764.
) (/usr/local/texlive/2022/texmf-dist/tex/latex/hyperref/hyperref.sty
Package: hyperref 2022-02-21 v7.00n Hypertext links for LaTeX
 (/usr/local/texlive/2022/texmf-dist/tex/latex/hycolor/hycolor.sty
Package: hycolor 2020-01-27 v1.10 Color options for hyperref/bookmark (HO)
) (/usr/local/texlive/2022/texmf-dist/tex/latex/letltxmacro/letltxmacro.sty
Package: letltxmacro 2019/12/03 v1.6 Let assignment for LaTeX macros (HO)
)
\@linkdim=\dimen296
\Hy@linkcounter=\count384
\Hy@pagecounter=\count385
 (/usr/local/texlive/2022/texmf-dist/tex/latex/hyperref/pd1enc.def
File: pd1enc.def 2022-02-21 v7.00n Hyperref: PDFDocEncoding definition (HO)
Now handling font encoding PD1 ...
... no UTF-8 mapping file for font encoding PD1
) (/usr/local/texlive/2022/texmf-dist/tex/generic/intcalc/intcalc.sty
Package: intcalc 2019/12/15 v1.3 Expandable calculations with integers (HO)
)
\Hy@SavedSpaceFactor=\count386
 (/usr/local/texlive/2022/texmf-dist/tex/latex/hyperref/puenc.def
File: puenc.def 2022-02-21 v7.00n Hyperref: PDF Unicode definition (HO)
Now handling font encoding PU ...
... no UTF-8 mapping file for font encoding PU
)
Package hyperref Info: Option `unicode' set `true' on input line 4018.
Package hyperref Info: Option `psdextra' set `true' on input line 4018.
 (/usr/local/texlive/2022/texmf-dist/tex/latex/hyperref/puenc-greekbasic.def
File: puenc-greekbasic.def 2022-02-21 v7.00n Hyperref: PDF Unicode definition (greek block) (HO)
) (/usr/local/texlive/2022/texmf-dist/tex/latex/hyperref/psdextra.def
File: psdextra.def 2022-02-21 v7.00n Hyperref: Additions to PDF string support
)
Package hyperref Info: Hyper figures OFF on input line 4137.
Package hyperref Info: Link nesting OFF on input line 4142.
Package hyperref Info: Hyper index ON on input line 4145.
Package hyperref Info: Plain pages OFF on input line 4152.
Package hyperref Info: Backreferencing OFF on input line 4157.
Package hyperref Info: Implicit mode ON; LaTeX internals redefined.
Package hyperref Info: Bookmarks ON on input line 4390.
\c@Hy@tempcnt=\count387
LaTeX Info: Redefining \url on input line 4749.
\XeTeXLinkMargin=\dimen297
 (/usr/local/texlive/2022/texmf-dist/tex/generic/bitset/bitset.sty
Package: bitset 2019/12/09 v1.3 Handle bit-vector datatype (HO)
 (/usr/local/texlive/2022/texmf-dist/tex/generic/bigintcalc/bigintcalc.sty
Package: bigintcalc 2019/12/15 v1.5 Expandable calculations on big integers (HO)
))
\Fld@menulength=\count388
\Field@Width=\dimen298
\Fld@charsize=\dimen299
Package hyperref Info: Hyper figures OFF on input line 6027.
Package hyperref Info: Link nesting OFF on input line 6032.
Package hyperref Info: Hyper index ON on input line 6035.
Package hyperref Info: backreferencing OFF on input line 6042.
Package hyperref Info: Link coloring OFF on input line 6047.
Package hyperref Info: Link coloring with OCG OFF on input line 6052.
Package hyperref Info: PDF/A mode OFF on input line 6057.
LaTeX Info: Redefining \ref on input line 6097.
LaTeX Info: Redefining \pageref on input line 6101.
\Hy@abspage=\count389
\c@Item=\count390
\c@Hfootnote=\count391
)
Package hyperref Info: Driver (autodetected): hpdftex.
 (/usr/local/texlive/2022/texmf-dist/tex/latex/hyperref/hpdftex.def
File: hpdftex.def 2022-02-21 v7.00n Hyperref driver for pdfTeX
 (/usr/local/texlive/2022/texmf-dist/tex/latex/base/atveryend-ltx.sty
Package: atveryend-ltx 2020/08/19 v1.0a Emulation of the original atveryend package
with kernel methods
)
\HyAnn@Count=\count392
\Fld@listcount=\count393
\c@bookmark@seq@number=\count394
 (/usr/local/texlive/2022/texmf-dist/tex/latex/rerunfilecheck/rerunfilecheck.sty
Package: rerunfilecheck 2019/12/05 v1.9 Rerun checks for auxiliary files (HO)
 (/usr/local/texlive/2022/texmf-dist/tex/generic/uniquecounter/uniquecounter.sty
Package: uniquecounter 2019/12/15 v1.4 Provide unlimited unique counter (HO)
)
Package uniquecounter Info: New unique counter `rerunfilecheck' on input line 286.
)
\Hy@SectionHShift=\skip144
) (/usr/local/texlive/2022/texmf-dist/tex/latex/tocbibind/tocbibind.sty
Package: tocbibind 2010/10/13 v1.5k extra ToC listings
Package tocbibind Info: The document has section divisions on input line 50.


Package tocbibind Note: Using section or other style headings.

) (/usr/local/texlive/2022/texmf-dist/tex/latex/natbib/natbib.sty
Package: natbib 2010/09/13 8.31b (PWD, AO)
\bibhang=\skip145
\bibsep=\skip146
LaTeX Info: Redefining \cite on input line 694.
\c@NAT@ctr=\count395
) (/usr/local/texlive/2022/texmf-dist/tex/latex/appendix/appendix.sty
Package: appendix 2020/02/08 v1.2c extra appendix facilities
\c@@pps=\count396
\c@@ppsavesec=\count397
\c@@ppsaveapp=\count398
) (/usr/local/texlive/2022/texmf-dist/tex/latex/geometry/geometry.sty
Package: geometry 2020/01/02 v5.9 Page Geometry
 (/usr/local/texlive/2022/texmf-dist/tex/generic/iftex/ifvtex.sty
Package: ifvtex 2019/10/25 v1.7 ifvtex legacy package. Use iftex instead.
)
\Gm@cnth=\count399
\Gm@cntv=\count400
\c@Gm@tempcnt=\count401
\Gm@bindingoffset=\dimen300
\Gm@wd@mp=\dimen301
\Gm@odd@mp=\dimen302
\Gm@even@mp=\dimen303
\Gm@layoutwidth=\dimen304
\Gm@layoutheight=\dimen305
\Gm@layouthoffset=\dimen306
\Gm@layoutvoffset=\dimen307
\Gm@dimlist=\toks54
) (/usr/local/texlive/2022/texmf-dist/tex/latex/threeparttable/threeparttable.sty
Package: threeparttable 2003/06/13  v 3.0
\@tempboxb=\box123
) (/usr/local/texlive/2022/texmf-dist/tex/latex/bookmark/bookmark.sty
Package: bookmark 2020-11-06 v1.29 PDF bookmarks (HO)
 (/usr/local/texlive/2022/texmf-dist/tex/latex/bookmark/bkm-pdftex.def
File: bkm-pdftex.def 2020-11-06 v1.29 bookmark driver for pdfTeX (HO)
\BKM@id=\count402
)) (/usr/local/texlive/2022/texmf-dist/tex/latex/fancyhdr/fancyhdr.sty
Package: fancyhdr 2021/01/28 v4.0.1 Extensive control of page headers and footers
\f@nch@headwidth=\skip147
\f@nch@O@elh=\skip148
\f@nch@O@erh=\skip149
\f@nch@O@olh=\skip150
\f@nch@O@orh=\skip151
\f@nch@O@elf=\skip152
\f@nch@O@erf=\skip153
\f@nch@O@olf=\skip154
\f@nch@O@orf=\skip155
) (/usr/local/texlive/2022/texmf-dist/tex/latex/hyperxmp/hyperxmp.sty
Package: hyperxmp 2020/11/22 v5.9 Store hyperref metadata in XMP format
\hyxmp@aep@toks=\toks55
 (/usr/local/texlive/2022/texmf-dist/tex/latex/ifmtarg/ifmtarg.sty
Package: ifmtarg 2018/04/16 v1.2b check for an empty argument
) (/usr/local/texlive/2022/texmf-dist/tex/latex/totpages/totpages.sty
Package: totpages 2005/09/19 v2.00 Totpages Package (muewi)
 (/usr/local/texlive/2022/texmf-dist/tex/latex/everyshi/everyshi.sty
Package: everyshi 2020/11/18 v4.00 EveryShipout Package
)) (/usr/local/texlive/2022/texmf-dist/tex/generic/iftex/ifluatex.sty
Package: ifluatex 2019/10/25 v1.5 ifluatex legacy package. Use iftex instead.
)) (/usr/local/texlive/2022/texmf-dist/tex/latex/multirow/multirow.sty
Package: multirow 2021/03/15 v2.8 Span multiple rows of a table
\multirow@colwidth=\skip156
\multirow@cntb=\count403
\multirow@dima=\skip157
) (/usr/local/texlive/2022/texmf-dist/tex/latex/notoccite/notoccite.sty
Package: notoccite 2000/07/20
) (/usr/local/texlive/2022/texmf-dist/tex/latex/titlesec/titlesec.sty
Package: titlesec 2021/07/05 v2.14 Sectioning titles
\ttl@box=\box124
\beforetitleunit=\skip158
\aftertitleunit=\skip159
\ttl@plus=\dimen308
\ttl@minus=\dimen309
\ttl@toksa=\toks56
\titlewidth=\dimen310
\titlewidthlast=\dimen311
\titlewidthfirst=\dimen312
) (/usr/local/texlive/2022/texmf-dist/tex/latex/lm/lmodern.sty
Package: lmodern 2015/05/01 v1.6.1 Latin Modern Fonts
LaTeX Font Info:    Overwriting symbol font `operators' in version `normal'
(Font)                  OT1/cmr/m/n --> OT1/lmr/m/n on input line 22.
LaTeX Font Info:    Overwriting symbol font `letters' in version `normal'
(Font)                  OML/cmm/m/it --> OML/lmm/m/it on input line 23.
LaTeX Font Info:    Overwriting symbol font `symbols' in version `normal'
(Font)                  OMS/cmsy/m/n --> OMS/lmsy/m/n on input line 24.
LaTeX Font Info:    Overwriting symbol font `largesymbols' in version `normal'
(Font)                  OMX/cmex/m/n --> OMX/lmex/m/n on input line 25.
LaTeX Font Info:    Overwriting symbol font `operators' in version `bold'
(Font)                  OT1/cmr/bx/n --> OT1/lmr/bx/n on input line 26.
LaTeX Font Info:    Overwriting symbol font `letters' in version `bold'
(Font)                  OML/cmm/b/it --> OML/lmm/b/it on input line 27.
LaTeX Font Info:    Overwriting symbol font `symbols' in version `bold'
(Font)                  OMS/cmsy/b/n --> OMS/lmsy/b/n on input line 28.
LaTeX Font Info:    Overwriting symbol font `largesymbols' in version `bold'
(Font)                  OMX/cmex/m/n --> OMX/lmex/m/n on input line 29.
LaTeX Font Info:    Overwriting math alphabet `\mathbf' in version `normal'
(Font)                  OT1/cmr/bx/n --> OT1/lmr/bx/n on input line 31.
LaTeX Font Info:    Overwriting math alphabet `\mathsf' in version `normal'
(Font)                  OT1/cmss/m/n --> OT1/lmss/m/n on input line 32.
LaTeX Font Info:    Overwriting math alphabet `\mathit' in version `normal'
(Font)                  OT1/cmr/m/it --> OT1/lmr/m/it on input line 33.
LaTeX Font Info:    Overwriting math alphabet `\mathtt' in version `normal'
(Font)                  OT1/cmtt/m/n --> OT1/lmtt/m/n on input line 34.
LaTeX Font Info:    Overwriting math alphabet `\mathbf' in version `bold'
(Font)                  OT1/cmr/bx/n --> OT1/lmr/bx/n on input line 35.
LaTeX Font Info:    Overwriting math alphabet `\mathsf' in version `bold'
(Font)                  OT1/cmss/bx/n --> OT1/lmss/bx/n on input line 36.
LaTeX Font Info:    Overwriting math alphabet `\mathit' in version `bold'
(Font)                  OT1/cmr/bx/it --> OT1/lmr/bx/it on input line 37.
LaTeX Font Info:    Overwriting math alphabet `\mathtt' in version `bold'
(Font)                  OT1/cmtt/m/n --> OT1/lmtt/m/n on input line 38.
) (/usr/local/texlive/2022/texmf-dist/tex/latex/base/fontenc.sty
Package: fontenc 2021/04/29 v2.0v Standard LaTeX package
LaTeX Font Info:    Trying to load font information for T1+lmr on input line 112.
 (/usr/local/texlive/2022/texmf-dist/tex/latex/lm/t1lmr.fd
File: t1lmr.fd 2015/05/01 v1.6.1 Font defs for Latin Modern
)) (/usr/local/texlive/2022/texmf-dist/tex/latex/csquotes/csquotes.sty
Package: csquotes 2021-02-22 v5.2l context-sensitive quotations (JAW)
\csq@reset=\count404
\csq@gtype=\count405
\csq@glevel=\count406
\csq@qlevel=\count407
\csq@maxlvl=\count408
\csq@tshold=\count409
\csq@ltx@everypar=\toks57
 (/usr/local/texlive/2022/texmf-dist/tex/latex/csquotes/csquotes.def
File: csquotes.def 2021-02-22 v5.2l csquotes generic definitions (JAW)
)
Package csquotes Info: Trying to load configuration file 'csquotes.cfg'...
Package csquotes Info: ... configuration file loaded successfully.
 (/usr/local/texlive/2022/texmf-dist/tex/latex/csquotes/csquotes.cfg
File: csquotes.cfg 
))) (./src/cmd/core.tex
\c@templateEquations=\count410
\c@templateFigures=\count411
\c@templateIndexEquations=\count412
\c@templateListings=\count413
\c@templatePageCounter=\count414
\c@templateTables=\count415
\c@templateBookmarksLevelPrev=\count416
\c@chapter=\count417
\coregluevarcm=\skip160
\corefontwidth=\skip161
) (./src/cmd/math.tex) (./src/cmd/equation.tex) (./src/cmd/image.tex
\coreimageshspace=\skip162
) (./src/cmd/title.tex) (./src/cmd/other.tex) (./src/cmd/column.tex) (./src/env/environments.tex) (./src/style/color.tex) (./src/style/code.tex) (./src/style/other.tex) (./src/cfg/init.tex
Package hyperref Info: Option `bookmarksopen' set `true' on input line 141.
 (/usr/local/texlive/2022/texmf-dist/tex/generic/stringenc/se-pdfdoc.def
File: se-pdfdoc.def 2019/11/29 v1.12 stringenc: PDFDocEncoding
)
Package hyperref Info: Option `pdfcenterwindow' set `true' on input line 141.
Package hyperref Info: Option `pdfdisplaydoctitle' set `true' on input line 141.
Package hyperref Info: Option `unicode' set `true' on input line 141.
Package hyperref Info: Option `pdffitwindow' set `false' on input line 141.
Package hyperref Info: Option `pdfmenubar' set `true' on input line 141.
Package hyperref Info: Option `pdftoolbar' set `true' on input line 141.
Package hyperref Info: Option `colorlinks' set `true' on input line 199.
\cftbeforelistingsskip=\skip163
\cftlistingsindent=\skip164
\cftlistingsnumwidth=\skip165
\cftbeforeloltitleskip=\skip166
\cftafterloltitleskip=\skip167
\cftbeforelstlistingskip=\skip168
\cftlstlistingindent=\skip169
\cftlstlistingnumwidth=\skip170
\c@myindexequations=\count418
\cftbeforemyindexequationsskip=\skip171
\cftmyindexequationsindent=\skip172
\cftmyindexequationsnumwidth=\skip173
\c@equdepth=\count419
\cftbeforeequtitleskip=\skip174
\cftafterequtitleskip=\skip175
\c@totalcount@templateIndexEquations=\count420
LaTeX Font Info:    Trying to load font information for T1+lmvtt on input line 481.
 (/usr/local/texlive/2022/texmf-dist/tex/latex/lm/t1lmvtt.fd
File: t1lmvtt.fd 2015/05/01 v1.6.1 Font defs for Latin Modern
)
\c@subsubsubsection=\count421
\c@defn=\count422
\c@teo=\count423
\c@cor=\count424
\c@lema=\count425
\c@prop=\count426
\c@multicoldepth=\count427
) (./src/cfg/unicode.tex
\@brxanglelr=\box125
   defining Unicode char U+000B (decimal 11)
   defining Unicode char U+00A0 (decimal 160)
   defining Unicode char U+00A1 (decimal 161)
   defining Unicode char U+00A2 (decimal 162)
   defining Unicode char U+00A3 (decimal 163)
   defining Unicode char U+00A4 (decimal 164)
   defining Unicode char U+00A5 (decimal 165)
   defining Unicode char U+00A6 (decimal 166)
   defining Unicode char U+00A7 (decimal 167)
   defining Unicode char U+00A8 (decimal 168)
   defining Unicode char U+00A9 (decimal 169)
   defining Unicode char U+00AA (decimal 170)
   defining Unicode char U+00AB (decimal 171)
   defining Unicode char U+00AC (decimal 172)
   defining Unicode char U+00AE (decimal 174)
   defining Unicode char U+00AF (decimal 175)
   defining Unicode char U+00B0 (decimal 176)
   defining Unicode char U+00B1 (decimal 177)
   defining Unicode char U+00B2 (decimal 178)
   defining Unicode char U+00B3 (decimal 179)
   defining Unicode char U+00B5 (decimal 181)
   defining Unicode char U+00B6 (decimal 182)
   defining Unicode char U+00B7 (decimal 183)
   defining Unicode char U+00B9 (decimal 185)
   defining Unicode char U+00BA (decimal 186)
   defining Unicode char U+00BB (decimal 187)
   defining Unicode char U+00BC (decimal 188)
   defining Unicode char U+00BD (decimal 189)
   defining Unicode char U+00BE (decimal 190)
   defining Unicode char U+00BF (decimal 191)
   defining Unicode char U+00D7 (decimal 215)
   defining Unicode char U+00F7 (decimal 247)
   defining Unicode char U+0131 (decimal 305)
   defining Unicode char U+02102 (decimal 8450)
   defining Unicode char U+0210D (decimal 8461)
   defining Unicode char U+02115 (decimal 8469)
   defining Unicode char U+02119 (decimal 8473)
   defining Unicode char U+0211A (decimal 8474)
   defining Unicode char U+0211D (decimal 8477)
   defining Unicode char U+02124 (decimal 8484)
   defining Unicode char U+0237 (decimal 567)
   defining Unicode char U+02B0 (decimal 688)
   defining Unicode char U+02B2 (decimal 690)
   defining Unicode char U+02B3 (decimal 691)
   defining Unicode char U+02B7 (decimal 695)
   defining Unicode char U+02B8 (decimal 696)
   defining Unicode char U+02E1 (decimal 737)
   defining Unicode char U+02E2 (decimal 738)
   defining Unicode char U+02E3 (decimal 739)
   defining Unicode char U+0302 (decimal 770)
   defining Unicode char U+0308 (decimal 776)
   defining Unicode char U+0332 (decimal 818)
   defining Unicode char U+0391 (decimal 913)
   defining Unicode char U+0392 (decimal 914)
   defining Unicode char U+0393 (decimal 915)
   defining Unicode char U+0394 (decimal 916)
   defining Unicode char U+0395 (decimal 917)
   defining Unicode char U+0396 (decimal 918)
   defining Unicode char U+0397 (decimal 919)
   defining Unicode char U+0398 (decimal 920)
   defining Unicode char U+0399 (decimal 921)
   defining Unicode char U+039A (decimal 922)
   defining Unicode char U+039B (decimal 923)
   defining Unicode char U+039C (decimal 924)
   defining Unicode char U+039D (decimal 925)
   defining Unicode char U+039E (decimal 926)
   defining Unicode char U+039F (decimal 927)
   defining Unicode char U+03A0 (decimal 928)
   defining Unicode char U+03A1 (decimal 929)
   defining Unicode char U+03A3 (decimal 931)
   defining Unicode char U+03A4 (decimal 932)
   defining Unicode char U+03A5 (decimal 933)
   defining Unicode char U+03A6 (decimal 934)
   defining Unicode char U+03A7 (decimal 935)
   defining Unicode char U+03A8 (decimal 936)
   defining Unicode char U+03A9 (decimal 937)
   defining Unicode char U+03B1 (decimal 945)
   defining Unicode char U+03B2 (decimal 946)
   defining Unicode char U+03B3 (decimal 947)
   defining Unicode char U+03B4 (decimal 948)
   defining Unicode char U+03B5 (decimal 949)
   defining Unicode char U+03B6 (decimal 950)
   defining Unicode char U+03B7 (decimal 951)
   defining Unicode char U+03B8 (decimal 952)
   defining Unicode char U+03B9 (decimal 953)
   defining Unicode char U+03BA (decimal 954)
   defining Unicode char U+03BB (decimal 955)
   defining Unicode char U+03BC (decimal 956)
   defining Unicode char U+03BD (decimal 957)
   defining Unicode char U+03BE (decimal 958)
   defining Unicode char U+03BF (decimal 959)
   defining Unicode char U+03C0 (decimal 960)
   defining Unicode char U+03C1 (decimal 961)
   defining Unicode char U+03C2 (decimal 962)
   defining Unicode char U+03C3 (decimal 963)
   defining Unicode char U+03C4 (decimal 964)
   defining Unicode char U+03C5 (decimal 965)
   defining Unicode char U+03C6 (decimal 966)
   defining Unicode char U+03C7 (decimal 967)
   defining Unicode char U+03C8 (decimal 968)
   defining Unicode char U+03C9 (decimal 969)
   defining Unicode char U+03D0 (decimal 976)
   defining Unicode char U+03D1 (decimal 977)
   defining Unicode char U+03D5 (decimal 981)
   defining Unicode char U+03D6 (decimal 982)
   defining Unicode char U+03D8 (decimal 984)
   defining Unicode char U+03D9 (decimal 985)
   defining Unicode char U+03DA (decimal 986)
   defining Unicode char U+03DB (decimal 987)
   defining Unicode char U+03DC (decimal 988)
   defining Unicode char U+03DD (decimal 989)
   defining Unicode char U+03DE (decimal 990)
   defining Unicode char U+03DF (decimal 991)
   defining Unicode char U+03E0 (decimal 992)
   defining Unicode char U+03E1 (decimal 993)
   defining Unicode char U+03F0 (decimal 1008)
   defining Unicode char U+03F1 (decimal 1009)
   defining Unicode char U+03F5 (decimal 1013)
   defining Unicode char U+03F6 (decimal 1014)
   defining Unicode char U+041F (decimal 1055)
   defining Unicode char U+0432 (decimal 1074)
   defining Unicode char U+0435 (decimal 1077)
   defining Unicode char U+0438 (decimal 1080)
   defining Unicode char U+043C (decimal 1084)
   defining Unicode char U+0440 (decimal 1088)
   defining Unicode char U+0442 (decimal 1090)
   defining Unicode char U+0BA8 (decimal 2984)
   defining Unicode char U+0BBF (decimal 3007)
   defining Unicode char U+1100 (decimal 4352)
   defining Unicode char U+11F9 (decimal 4601)
   defining Unicode char U+1D2C (decimal 7468)
   defining Unicode char U+1D2E (decimal 7470)
   defining Unicode char U+1D30 (decimal 7472)
   defining Unicode char U+1D31 (decimal 7473)
   defining Unicode char U+1D33 (decimal 7475)
   defining Unicode char U+1D34 (decimal 7476)
   defining Unicode char U+1D35 (decimal 7477)
   defining Unicode char U+1D36 (decimal 7478)
   defining Unicode char U+1D37 (decimal 7479)
   defining Unicode char U+1D38 (decimal 7480)
   defining Unicode char U+1D39 (decimal 7481)
   defining Unicode char U+1D3A (decimal 7482)
   defining Unicode char U+1D3C (decimal 7484)
   defining Unicode char U+1D3E (decimal 7486)
   defining Unicode char U+1D3F (decimal 7487)
   defining Unicode char U+1D40 (decimal 7488)
   defining Unicode char U+1D41 (decimal 7489)
   defining Unicode char U+1D42 (decimal 7490)
   defining Unicode char U+1D43 (decimal 7491)
   defining Unicode char U+1D47 (decimal 7495)
   defining Unicode char U+1D48 (decimal 7496)
   defining Unicode char U+1D49 (decimal 7497)
   defining Unicode char U+1D4D (decimal 7501)
   defining Unicode char U+1D4F (decimal 7503)
   defining Unicode char U+1D50 (decimal 7504)
   defining Unicode char U+1D52 (decimal 7506)
   defining Unicode char U+1D538 (decimal 120120)
   defining Unicode char U+1D539 (decimal 120121)
   defining Unicode char U+1D53B (decimal 120123)
   defining Unicode char U+1D53C (decimal 120124)
   defining Unicode char U+1D53D (decimal 120125)
   defining Unicode char U+1D53E (decimal 120126)
   defining Unicode char U+1D540 (decimal 120128)
   defining Unicode char U+1D541 (decimal 120129)
   defining Unicode char U+1D542 (decimal 120130)
   defining Unicode char U+1D543 (decimal 120131)
   defining Unicode char U+1D544 (decimal 120132)
   defining Unicode char U+1D546 (decimal 120134)
   defining Unicode char U+1D54A (decimal 120138)
   defining Unicode char U+1D54B (decimal 120139)
   defining Unicode char U+1D54C (decimal 120140)
   defining Unicode char U+1D54D (decimal 120141)
   defining Unicode char U+1D54E (decimal 120142)
   defining Unicode char U+1D54F (decimal 120143)
   defining Unicode char U+1D550 (decimal 120144)
   defining Unicode char U+1D552 (decimal 120146)
   defining Unicode char U+1D553 (decimal 120147)
   defining Unicode char U+1D554 (decimal 120148)
   defining Unicode char U+1D555 (decimal 120149)
   defining Unicode char U+1D556 (decimal 120150)
   defining Unicode char U+1D557 (decimal 120151)
   defining Unicode char U+1D558 (decimal 120152)
   defining Unicode char U+1D559 (decimal 120153)
   defining Unicode char U+1D55A (decimal 120154)
   defining Unicode char U+1D55B (decimal 120155)
   defining Unicode char U+1D55C (decimal 120156)
   defining Unicode char U+1D55D (decimal 120157)
   defining Unicode char U+1D55E (decimal 120158)
   defining Unicode char U+1D55F (decimal 120159)
   defining Unicode char U+1D56 (decimal 7510)
   defining Unicode char U+1D560 (decimal 120160)
   defining Unicode char U+1D561 (decimal 120161)
   defining Unicode char U+1D562 (decimal 120162)
   defining Unicode char U+1D563 (decimal 120163)
   defining Unicode char U+1D564 (decimal 120164)
   defining Unicode char U+1D565 (decimal 120165)
   defining Unicode char U+1D566 (decimal 120166)
   defining Unicode char U+1D567 (decimal 120167)
   defining Unicode char U+1D568 (decimal 120168)
   defining Unicode char U+1D569 (decimal 120169)
   defining Unicode char U+1D56A (decimal 120170)
   defining Unicode char U+1D56B (decimal 120171)
   defining Unicode char U+1D57 (decimal 7511)
   defining Unicode char U+1D58 (decimal 7512)
   defining Unicode char U+1D5B (decimal 7515)
   defining Unicode char U+1D62 (decimal 7522)
   defining Unicode char U+1D63 (decimal 7523)
   defining Unicode char U+1D64 (decimal 7524)
   defining Unicode char U+1D65 (decimal 7525)
   defining Unicode char U+1D7D8 (decimal 120792)
   defining Unicode char U+1D7D9 (decimal 120793)
   defining Unicode char U+1D7DA (decimal 120794)
   defining Unicode char U+1D7DB (decimal 120795)
   defining Unicode char U+1D7DC (decimal 120796)
   defining Unicode char U+1D7DD (decimal 120797)
   defining Unicode char U+1D7DE (decimal 120798)
   defining Unicode char U+1D7DF (decimal 120799)
   defining Unicode char U+1D7E0 (decimal 120800)
   defining Unicode char U+1D7E1 (decimal 120801)
   defining Unicode char U+1D9C (decimal 7580)
   defining Unicode char U+1DA0 (decimal 7584)
   defining Unicode char U+1DBB (decimal 7611)
   defining Unicode char U+1F329 (decimal 127785)
   defining Unicode char U+2013 (decimal 8211)
   defining Unicode char U+2014 (decimal 8212)
   defining Unicode char U+2016 (decimal 8214)
   defining Unicode char U+2018 (decimal 8216)
   defining Unicode char U+2019 (decimal 8217)
   defining Unicode char U+201A (decimal 8218)
   defining Unicode char U+201C (decimal 8220)
   defining Unicode char U+201D (decimal 8221)
   defining Unicode char U+201E (decimal 8222)
   defining Unicode char U+2020 (decimal 8224)
   defining Unicode char U+2021 (decimal 8225)
   defining Unicode char U+2022 (decimal 8226)
   defining Unicode char U+2023 (decimal 8227)
   defining Unicode char U+2026 (decimal 8230)
   defining Unicode char U+202F (decimal 8239)
   defining Unicode char U+2030 (decimal 8240)
   defining Unicode char U+2031 (decimal 8241)
   defining Unicode char U+2032 (decimal 8242)
   defining Unicode char U+2033 (decimal 8243)
   defining Unicode char U+2034 (decimal 8244)
   defining Unicode char U+2035 (decimal 8245)
   defining Unicode char U+2038 (decimal 8248)
   defining Unicode char U+2039 (decimal 8249)
   defining Unicode char U+203A (decimal 8250)
   defining Unicode char U+203B (decimal 8251)
   defining Unicode char U+203C (decimal 8252)
   defining Unicode char U+203D (decimal 8253)
   defining Unicode char U+203E (decimal 8254)
   defining Unicode char U+2042 (decimal 8258)
   defining Unicode char U+2045 (decimal 8261)
   defining Unicode char U+2046 (decimal 8262)
   defining Unicode char U+2047 (decimal 8263)
   defining Unicode char U+2048 (decimal 8264)
   defining Unicode char U+2049 (decimal 8265)
   defining Unicode char U+2052 (decimal 8274)
   defining Unicode char U+2062 (decimal 8290)
   defining Unicode char U+2070 (decimal 8304)
   defining Unicode char U+2071 (decimal 8305)
   defining Unicode char U+2074 (decimal 8308)
   defining Unicode char U+2075 (decimal 8309)
   defining Unicode char U+2076 (decimal 8310)
   defining Unicode char U+2077 (decimal 8311)
   defining Unicode char U+2078 (decimal 8312)
   defining Unicode char U+2079 (decimal 8313)
   defining Unicode char U+207A (decimal 8314)
   defining Unicode char U+207B (decimal 8315)
   defining Unicode char U+207C (decimal 8316)
   defining Unicode char U+207D (decimal 8317)
   defining Unicode char U+207E (decimal 8318)
   defining Unicode char U+207F (decimal 8319)
   defining Unicode char U+2080 (decimal 8320)
   defining Unicode char U+2081 (decimal 8321)
   defining Unicode char U+2082 (decimal 8322)
   defining Unicode char U+2083 (decimal 8323)
   defining Unicode char U+2084 (decimal 8324)
   defining Unicode char U+2085 (decimal 8325)
   defining Unicode char U+2086 (decimal 8326)
   defining Unicode char U+2087 (decimal 8327)
   defining Unicode char U+2088 (decimal 8328)
   defining Unicode char U+2089 (decimal 8329)
   defining Unicode char U+208A (decimal 8330)
   defining Unicode char U+208B (decimal 8331)
   defining Unicode char U+208C (decimal 8332)
   defining Unicode char U+208D (decimal 8333)
   defining Unicode char U+208E (decimal 8334)
   defining Unicode char U+2090 (decimal 8336)
   defining Unicode char U+2091 (decimal 8337)
   defining Unicode char U+2092 (decimal 8338)
   defining Unicode char U+2093 (decimal 8339)
   defining Unicode char U+2095 (decimal 8341)
   defining Unicode char U+2096 (decimal 8342)
   defining Unicode char U+2097 (decimal 8343)
   defining Unicode char U+2098 (decimal 8344)
   defining Unicode char U+2099 (decimal 8345)
   defining Unicode char U+209A (decimal 8346)
   defining Unicode char U+209B (decimal 8347)
   defining Unicode char U+209C (decimal 8348)
   defining Unicode char U+20AC (decimal 8364)
   defining Unicode char U+2102 (decimal 8450)
   defining Unicode char U+2107 (decimal 8455)
   defining Unicode char U+210A (decimal 8458)
   defining Unicode char U+210B (decimal 8459)
   defining Unicode char U+210C (decimal 8460)
   defining Unicode char U+210D (decimal 8461)
   defining Unicode char U+210F (decimal 8463)
   defining Unicode char U+2110 (decimal 8464)
   defining Unicode char U+2111 (decimal 8465)
   defining Unicode char U+2112 (decimal 8466)
   defining Unicode char U+2113 (decimal 8467)
   defining Unicode char U+2115 (decimal 8469)
   defining Unicode char U+2118 (decimal 8472)
   defining Unicode char U+2119 (decimal 8473)
   defining Unicode char U+211A (decimal 8474)
   defining Unicode char U+211C (decimal 8476)
   defining Unicode char U+211D (decimal 8477)
   defining Unicode char U+2122 (decimal 8482)
   defining Unicode char U+2124 (decimal 8484)
   defining Unicode char U+2126 (decimal 8486)
   defining Unicode char U+2127 (decimal 8487)
   defining Unicode char U+2128 (decimal 8488)
   defining Unicode char U+212A (decimal 8490)
   defining Unicode char U+212B (decimal 8491)
   defining Unicode char U+212C (decimal 8492)
   defining Unicode char U+212D (decimal 8493)
   defining Unicode char U+212E (decimal 8494)
   defining Unicode char U+212F (decimal 8495)
   defining Unicode char U+2130 (decimal 8496)
   defining Unicode char U+2131 (decimal 8497)
   defining Unicode char U+2132 (decimal 8498)
   defining Unicode char U+2135 (decimal 8501)
   defining Unicode char U+2136 (decimal 8502)
   defining Unicode char U+2137 (decimal 8503)
   defining Unicode char U+2138 (decimal 8504)
   defining Unicode char U+213C (decimal 8508)
   defining Unicode char U+213D (decimal 8509)
   defining Unicode char U+213E (decimal 8510)
   defining Unicode char U+213F (decimal 8511)
   defining Unicode char U+2140 (decimal 8512)
   defining Unicode char U+2141 (decimal 8513)
   defining Unicode char U+2144 (decimal 8516)
   defining Unicode char U+2146 (decimal 8518)
   defining Unicode char U+2148 (decimal 8520)
   defining Unicode char U+2149 (decimal 8521)
   defining Unicode char U+214B (decimal 8523)
   defining Unicode char U+2153 (decimal 8531)
   defining Unicode char U+2154 (decimal 8532)
   defining Unicode char U+2155 (decimal 8533)
   defining Unicode char U+2156 (decimal 8534)
   defining Unicode char U+2157 (decimal 8535)
   defining Unicode char U+2158 (decimal 8536)
   defining Unicode char U+2159 (decimal 8537)
   defining Unicode char U+215A (decimal 8538)
   defining Unicode char U+215B (decimal 8539)
   defining Unicode char U+215D (decimal 8541)
   defining Unicode char U+215E (decimal 8542)
   defining Unicode char U+2190 (decimal 8592)
   defining Unicode char U+2191 (decimal 8593)
   defining Unicode char U+2192 (decimal 8594)
   defining Unicode char U+2193 (decimal 8595)
   defining Unicode char U+2194 (decimal 8596)
   defining Unicode char U+2195 (decimal 8597)
   defining Unicode char U+2196 (decimal 8598)
   defining Unicode char U+2197 (decimal 8599)
   defining Unicode char U+2198 (decimal 8600)
   defining Unicode char U+2199 (decimal 8601)
   defining Unicode char U+219A (decimal 8602)
   defining Unicode char U+219B (decimal 8603)
   defining Unicode char U+219E (decimal 8606)
   defining Unicode char U+21A0 (decimal 8608)
   defining Unicode char U+21A2 (decimal 8610)
   defining Unicode char U+21A3 (decimal 8611)
   defining Unicode char U+21A4 (decimal 8612)
   defining Unicode char U+21A6 (decimal 8614)
   defining Unicode char U+21A9 (decimal 8617)
   defining Unicode char U+21AA (decimal 8618)
   defining Unicode char U+21AB (decimal 8619)
   defining Unicode char U+21AC (decimal 8620)
   defining Unicode char U+21AD (decimal 8621)
   defining Unicode char U+21AE (decimal 8622)
   defining Unicode char U+21AF (decimal 8623)
   defining Unicode char U+21B0 (decimal 8624)
   defining Unicode char U+21B1 (decimal 8625)
   defining Unicode char U+21B6 (decimal 8630)
   defining Unicode char U+21B7 (decimal 8631)
   defining Unicode char U+21BA (decimal 8634)
   defining Unicode char U+21BB (decimal 8635)
   defining Unicode char U+21BC (decimal 8636)
   defining Unicode char U+21BD (decimal 8637)
   defining Unicode char U+21BE (decimal 8638)
   defining Unicode char U+21BF (decimal 8639)
   defining Unicode char U+21C0 (decimal 8640)
   defining Unicode char U+21C1 (decimal 8641)
   defining Unicode char U+21C2 (decimal 8642)
   defining Unicode char U+21C3 (decimal 8643)
   defining Unicode char U+21C4 (decimal 8644)
   defining Unicode char U+21C5 (decimal 8645)
   defining Unicode char U+21C6 (decimal 8646)
   defining Unicode char U+21C7 (decimal 8647)
   defining Unicode char U+21C8 (decimal 8648)
   defining Unicode char U+21C9 (decimal 8649)
   defining Unicode char U+21CA (decimal 8650)
   defining Unicode char U+21CB (decimal 8651)
   defining Unicode char U+21CC (decimal 8652)
   defining Unicode char U+21CD (decimal 8653)
   defining Unicode char U+21CE (decimal 8654)
   defining Unicode char U+21CF (decimal 8655)
   defining Unicode char U+21D0 (decimal 8656)
   defining Unicode char U+21D1 (decimal 8657)
   defining Unicode char U+21D2 (decimal 8658)
   defining Unicode char U+21D3 (decimal 8659)
   defining Unicode char U+21D4 (decimal 8660)
   defining Unicode char U+21D5 (decimal 8661)
   defining Unicode char U+21D6 (decimal 8662)
   defining Unicode char U+21D7 (decimal 8663)
   defining Unicode char U+21D8 (decimal 8664)
   defining Unicode char U+21D9 (decimal 8665)
   defining Unicode char U+21DA (decimal 8666)
   defining Unicode char U+21DB (decimal 8667)
   defining Unicode char U+21DC (decimal 8668)
   defining Unicode char U+21DD (decimal 8669)
   defining Unicode char U+21E0 (decimal 8672)
   defining Unicode char U+21E2 (decimal 8674)
   defining Unicode char U+21E4 (decimal 8676)
   defining Unicode char U+21E5 (decimal 8677)
   defining Unicode char U+21F0 (decimal 8688)
   defining Unicode char U+21FD (decimal 8701)
   defining Unicode char U+21FE (decimal 8702)
   defining Unicode char U+21FF (decimal 8703)
   defining Unicode char U+2200 (decimal 8704)
   defining Unicode char U+2201 (decimal 8705)
   defining Unicode char U+2202 (decimal 8706)
   defining Unicode char U+2203 (decimal 8707)
   defining Unicode char U+2204 (decimal 8708)
   defining Unicode char U+2205 (decimal 8709)
   defining Unicode char U+2207 (decimal 8711)
   defining Unicode char U+2208 (decimal 8712)
   defining Unicode char U+2209 (decimal 8713)
   defining Unicode char U+220B (decimal 8715)
   defining Unicode char U+220C (decimal 8716)
   defining Unicode char U+220D (decimal 8717)
   defining Unicode char U+220E (decimal 8718)
   defining Unicode char U+220F (decimal 8719)
   defining Unicode char U+2210 (decimal 8720)
   defining Unicode char U+2211 (decimal 8721)
   defining Unicode char U+2212 (decimal 8722)
   defining Unicode char U+2213 (decimal 8723)
   defining Unicode char U+2214 (decimal 8724)
   defining Unicode char U+2215 (decimal 8725)
   defining Unicode char U+2216 (decimal 8726)
   defining Unicode char U+2217 (decimal 8727)
   defining Unicode char U+2218 (decimal 8728)
   defining Unicode char U+2219 (decimal 8729)
   defining Unicode char U+221A (decimal 8730)
   defining Unicode char U+221B (decimal 8731)
   defining Unicode char U+221C (decimal 8732)
   defining Unicode char U+221D (decimal 8733)
   defining Unicode char U+221E (decimal 8734)
   defining Unicode char U+2220 (decimal 8736)
   defining Unicode char U+2221 (decimal 8737)
   defining Unicode char U+2222 (decimal 8738)
   defining Unicode char U+2223 (decimal 8739)
   defining Unicode char U+2224 (decimal 8740)
   defining Unicode char U+2225 (decimal 8741)
   defining Unicode char U+2226 (decimal 8742)
   defining Unicode char U+2227 (decimal 8743)
   defining Unicode char U+2228 (decimal 8744)
   defining Unicode char U+2229 (decimal 8745)
   defining Unicode char U+222A (decimal 8746)
   defining Unicode char U+222B (decimal 8747)
   defining Unicode char U+222C (decimal 8748)
   defining Unicode char U+222D (decimal 8749)
   defining Unicode char U+222E (decimal 8750)
   defining Unicode char U+222F (decimal 8751)
   defining Unicode char U+2230 (decimal 8752)
   defining Unicode char U+2232 (decimal 8754)
   defining Unicode char U+2233 (decimal 8755)
   defining Unicode char U+2234 (decimal 8756)
   defining Unicode char U+2235 (decimal 8757)
   defining Unicode char U+2236 (decimal 8758)
   defining Unicode char U+2237 (decimal 8759)
   defining Unicode char U+2238 (decimal 8760)
   defining Unicode char U+2239 (decimal 8761)
   defining Unicode char U+223C (decimal 8764)
   defining Unicode char U+223D (decimal 8765)
   defining Unicode char U+223F (decimal 8767)
   defining Unicode char U+2240 (decimal 8768)
   defining Unicode char U+2241 (decimal 8769)
   defining Unicode char U+2243 (decimal 8771)
   defining Unicode char U+2244 (decimal 8772)
   defining Unicode char U+2245 (decimal 8773)
   defining Unicode char U+2247 (decimal 8775)
   defining Unicode char U+2248 (decimal 8776)
   defining Unicode char U+2249 (decimal 8777)
   defining Unicode char U+224A (decimal 8778)
   defining Unicode char U+224D (decimal 8781)
   defining Unicode char U+224E (decimal 8782)
   defining Unicode char U+224F (decimal 8783)
   defining Unicode char U+2250 (decimal 8784)
   defining Unicode char U+2251 (decimal 8785)
   defining Unicode char U+2252 (decimal 8786)
   defining Unicode char U+2253 (decimal 8787)
   defining Unicode char U+2254 (decimal 8788)
   defining Unicode char U+2255 (decimal 8789)
   defining Unicode char U+2256 (decimal 8790)
   defining Unicode char U+2257 (decimal 8791)
   defining Unicode char U+2258 (decimal 8792)
   defining Unicode char U+2259 (decimal 8793)
   defining Unicode char U+225A (decimal 8794)
   defining Unicode char U+225B (decimal 8795)
   defining Unicode char U+225C (decimal 8796)
   defining Unicode char U+225D (decimal 8797)
   defining Unicode char U+225F (decimal 8799)
   defining Unicode char U+2260 (decimal 8800)
   defining Unicode char U+2261 (decimal 8801)
   defining Unicode char U+2262 (decimal 8802)
   defining Unicode char U+2263 (decimal 8803)
   defining Unicode char U+2264 (decimal 8804)
   defining Unicode char U+2265 (decimal 8805)
   defining Unicode char U+2266 (decimal 8806)
   defining Unicode char U+2267 (decimal 8807)
   defining Unicode char U+2268 (decimal 8808)
   defining Unicode char U+2269 (decimal 8809)
   defining Unicode char U+226A (decimal 8810)
   defining Unicode char U+226B (decimal 8811)
   defining Unicode char U+226C (decimal 8812)
   defining Unicode char U+226D (decimal 8813)
   defining Unicode char U+226E (decimal 8814)
   defining Unicode char U+226F (decimal 8815)
   defining Unicode char U+2270 (decimal 8816)
   defining Unicode char U+2271 (decimal 8817)
   defining Unicode char U+2272 (decimal 8818)
   defining Unicode char U+2273 (decimal 8819)
   defining Unicode char U+2274 (decimal 8820)
   defining Unicode char U+2275 (decimal 8821)
   defining Unicode char U+2276 (decimal 8822)
   defining Unicode char U+2277 (decimal 8823)
   defining Unicode char U+2278 (decimal 8824)
   defining Unicode char U+2279 (decimal 8825)
   defining Unicode char U+227A (decimal 8826)
   defining Unicode char U+227B (decimal 8827)
   defining Unicode char U+227C (decimal 8828)
   defining Unicode char U+227D (decimal 8829)
   defining Unicode char U+227E (decimal 8830)
   defining Unicode char U+227F (decimal 8831)
   defining Unicode char U+2280 (decimal 8832)
   defining Unicode char U+2281 (decimal 8833)
   defining Unicode char U+2282 (decimal 8834)
   defining Unicode char U+2283 (decimal 8835)
   defining Unicode char U+2284 (decimal 8836)
   defining Unicode char U+2285 (decimal 8837)
   defining Unicode char U+2286 (decimal 8838)
   defining Unicode char U+2287 (decimal 8839)
   defining Unicode char U+2288 (decimal 8840)
   defining Unicode char U+2289 (decimal 8841)
   defining Unicode char U+228A (decimal 8842)
   defining Unicode char U+228B (decimal 8843)
   defining Unicode char U+228E (decimal 8846)
   defining Unicode char U+228F (decimal 8847)
   defining Unicode char U+2290 (decimal 8848)
   defining Unicode char U+2291 (decimal 8849)
   defining Unicode char U+2292 (decimal 8850)
   defining Unicode char U+2293 (decimal 8851)
   defining Unicode char U+2294 (decimal 8852)
   defining Unicode char U+2295 (decimal 8853)
   defining Unicode char U+2296 (decimal 8854)
   defining Unicode char U+2297 (decimal 8855)
   defining Unicode char U+2298 (decimal 8856)
   defining Unicode char U+2299 (decimal 8857)
   defining Unicode char U+229A (decimal 8858)
   defining Unicode char U+229B (decimal 8859)
   defining Unicode char U+229D (decimal 8861)
   defining Unicode char U+229E (decimal 8862)
   defining Unicode char U+229F (decimal 8863)
   defining Unicode char U+22A0 (decimal 8864)
   defining Unicode char U+22A1 (decimal 8865)
   defining Unicode char U+22A2 (decimal 8866)
   defining Unicode char U+22A3 (decimal 8867)
   defining Unicode char U+22A4 (decimal 8868)
   defining Unicode char U+22A5 (decimal 8869)
   defining Unicode char U+22A6 (decimal 8870)
   defining Unicode char U+22A7 (decimal 8871)
   defining Unicode char U+22A9 (decimal 8873)
   defining Unicode char U+22AA (decimal 8874)
   defining Unicode char U+22AB (decimal 8875)
   defining Unicode char U+22AC (decimal 8876)
   defining Unicode char U+22AD (decimal 8877)
   defining Unicode char U+22AE (decimal 8878)
   defining Unicode char U+22AF (decimal 8879)
   defining Unicode char U+22B2 (decimal 8882)
   defining Unicode char U+22B3 (decimal 8883)
   defining Unicode char U+22B4 (decimal 8884)
   defining Unicode char U+22B5 (decimal 8885)
   defining Unicode char U+22B8 (decimal 8888)
   defining Unicode char U+22BA (decimal 8890)
   defining Unicode char U+22BB (decimal 8891)
   defining Unicode char U+22BC (decimal 8892)
   defining Unicode char U+22C0 (decimal 8896)
   defining Unicode char U+22C1 (decimal 8897)
   defining Unicode char U+22C2 (decimal 8898)
   defining Unicode char U+22C3 (decimal 8899)
   defining Unicode char U+22C4 (decimal 8900)
   defining Unicode char U+22C5 (decimal 8901)
   defining Unicode char U+22C6 (decimal 8902)
   defining Unicode char U+22C7 (decimal 8903)
   defining Unicode char U+22C8 (decimal 8904)
   defining Unicode char U+22C9 (decimal 8905)
   defining Unicode char U+22CA (decimal 8906)
   defining Unicode char U+22CB (decimal 8907)
   defining Unicode char U+22CC (decimal 8908)
   defining Unicode char U+22CD (decimal 8909)
   defining Unicode char U+22CE (decimal 8910)
   defining Unicode char U+22CF (decimal 8911)
   defining Unicode char U+22D0 (decimal 8912)
   defining Unicode char U+22D1 (decimal 8913)
   defining Unicode char U+22D2 (decimal 8914)
   defining Unicode char U+22D3 (decimal 8915)
   defining Unicode char U+22D4 (decimal 8916)
   defining Unicode char U+22D6 (decimal 8918)
   defining Unicode char U+22D7 (decimal 8919)
   defining Unicode char U+22D8 (decimal 8920)
   defining Unicode char U+22D9 (decimal 8921)
   defining Unicode char U+22DA (decimal 8922)
   defining Unicode char U+22DB (decimal 8923)
   defining Unicode char U+22DE (decimal 8926)
   defining Unicode char U+22DF (decimal 8927)
   defining Unicode char U+22E0 (decimal 8928)
   defining Unicode char U+22E1 (decimal 8929)
   defining Unicode char U+22E2 (decimal 8930)
   defining Unicode char U+22E3 (decimal 8931)
   defining Unicode char U+22E4 (decimal 8932)
   defining Unicode char U+22E5 (decimal 8933)
   defining Unicode char U+22E6 (decimal 8934)
   defining Unicode char U+22E7 (decimal 8935)
   defining Unicode char U+22E8 (decimal 8936)
   defining Unicode char U+22E9 (decimal 8937)
   defining Unicode char U+22EA (decimal 8938)
   defining Unicode char U+22EB (decimal 8939)
   defining Unicode char U+22EC (decimal 8940)
   defining Unicode char U+22ED (decimal 8941)
   defining Unicode char U+22EE (decimal 8942)
   defining Unicode char U+22EF (decimal 8943)
   defining Unicode char U+22F0 (decimal 8944)
   defining Unicode char U+22F1 (decimal 8945)
   defining Unicode char U+2300 (decimal 8960)
   defining Unicode char U+2308 (decimal 8968)
   defining Unicode char U+2309 (decimal 8969)
   defining Unicode char U+230A (decimal 8970)
   defining Unicode char U+230B (decimal 8971)
   defining Unicode char U+2322 (decimal 8994)
   defining Unicode char U+2323 (decimal 8995)
   defining Unicode char U+2329 (decimal 9001)
   defining Unicode char U+232A (decimal 9002)
   defining Unicode char U+23CE (decimal 9166)
   defining Unicode char U+2460 (decimal 9312)
   defining Unicode char U+2461 (decimal 9313)
   defining Unicode char U+2462 (decimal 9314)
   defining Unicode char U+2463 (decimal 9315)
   defining Unicode char U+2464 (decimal 9316)
   defining Unicode char U+2465 (decimal 9317)
   defining Unicode char U+2466 (decimal 9318)
   defining Unicode char U+2467 (decimal 9319)
   defining Unicode char U+2468 (decimal 9320)
   defining Unicode char U+25A1 (decimal 9633)
   defining Unicode char U+25B3 (decimal 9651)
   defining Unicode char U+25C5 (decimal 9669)
   defining Unicode char U+2610 (decimal 9744)
   defining Unicode char U+2611 (decimal 9745)
   defining Unicode char U+2615 (decimal 9749)
   defining Unicode char U+2621 (decimal 9761)
   defining Unicode char U+2627 (decimal 9767)
   defining Unicode char U+2639 (decimal 9785)
   defining Unicode char U+263A (decimal 9786)
   defining Unicode char U+2660 (decimal 9824)
   defining Unicode char U+2661 (decimal 9825)
   defining Unicode char U+2662 (decimal 9826)
   defining Unicode char U+2663 (decimal 9827)
   defining Unicode char U+266D (decimal 9837)
   defining Unicode char U+266E (decimal 9838)
   defining Unicode char U+266F (decimal 9839)
   defining Unicode char U+26A0 (decimal 9888)
   defining Unicode char U+2713 (decimal 10003)
   defining Unicode char U+27C2 (decimal 10178)
   defining Unicode char U+27E6 (decimal 10214)
   defining Unicode char U+27E7 (decimal 10215)
   defining Unicode char U+27E8 (decimal 10216)
   defining Unicode char U+27E9 (decimal 10217)
   defining Unicode char U+27EA (decimal 10218)
   defining Unicode char U+27EB (decimal 10219)
   defining Unicode char U+27F5 (decimal 10229)
   defining Unicode char U+27F6 (decimal 10230)
   defining Unicode char U+2983 (decimal 10627)
   defining Unicode char U+2984 (decimal 10628)
   defining Unicode char U+2985 (decimal 10629)
   defining Unicode char U+2986 (decimal 10630)
   defining Unicode char U+2987 (decimal 10631)
   defining Unicode char U+2988 (decimal 10632)
   defining Unicode char U+29F5 (decimal 10741)
   defining Unicode char U+2A00 (decimal 10752)
   defining Unicode char U+2A01 (decimal 10753)
   defining Unicode char U+2A02 (decimal 10754)
   defining Unicode char U+2A05 (decimal 10757)
   defining Unicode char U+2A06 (decimal 10758)
   defining Unicode char U+2A0C (decimal 10764)
   defining Unicode char U+2A1D (decimal 10781)
   defining Unicode char U+2A3F (decimal 10815)
   defining Unicode char U+2A7D (decimal 10877)
   defining Unicode char U+2A7E (decimal 10878)
   defining Unicode char U+2AA8 (decimal 10920)
   defining Unicode char U+2AA9 (decimal 10921)
   defining Unicode char U+2AAF (decimal 10927)
   defining Unicode char U+2AB0 (decimal 10928)
   defining Unicode char U+2C7C (decimal 11388)
   defining Unicode char U+2E18 (decimal 11800)
   defining Unicode char U+301A (decimal 12314)
   defining Unicode char U+301B (decimal 12315)
   defining Unicode char U+33D1 (decimal 13265)
   defining Unicode char U+33D2 (decimal 13266)
   defining Unicode char U+D7B0 (decimal 55216)
) (./src/page/portrait.tex) (./src/page/portrait-config.tex) (./src/cfg/page.tex) (./src/page/index.tex) (./src/cfg/final.tex))
Package csquotes Info: Checking for multilingual support...
Package csquotes Info: ... found 'babel' package.
Package csquotes Info: Adjusting default style.
Package csquotes Info: Redefining alias 'default' -> 'spanish'.
 (./main.aux)
\openout1 = `main.aux'.

LaTeX Font Info:    Checking defaults for OML/cmm/m/it on input line 57.
LaTeX Font Info:    ... okay on input line 57.
LaTeX Font Info:    Checking defaults for OMS/cmsy/m/n on input line 57.
LaTeX Font Info:    ... okay on input line 57.
LaTeX Font Info:    Checking defaults for OT1/cmr/m/n on input line 57.
LaTeX Font Info:    ... okay on input line 57.
LaTeX Font Info:    Checking defaults for T1/cmr/m/n on input line 57.
LaTeX Font Info:    ... okay on input line 57.
LaTeX Font Info:    Checking defaults for TS1/cmr/m/n on input line 57.
LaTeX Font Info:    ... okay on input line 57.
LaTeX Font Info:    Checking defaults for OMX/cmex/m/n on input line 57.
LaTeX Font Info:    ... okay on input line 57.
LaTeX Font Info:    Checking defaults for U/cmr/m/n on input line 57.
LaTeX Font Info:    ... okay on input line 57.
LaTeX Font Info:    Checking defaults for PD1/pdf/m/n on input line 57.
LaTeX Font Info:    ... okay on input line 57.
LaTeX Font Info:    Checking defaults for PU/pdf/m/n on input line 57.
LaTeX Font Info:    ... okay on input line 57.
LaTeX Info: Redefining \. on input line 57.
LaTeX Info: Redefining \% on input line 57.
 (/usr/local/texlive/2022/texmf-dist/tex/context/base/mkii/supp-pdf.mkii
[Loading MPS to PDF converter (version 2006.09.02).]
\scratchcounter=\count428
\scratchdimen=\dimen313
\scratchbox=\box126
\nofMPsegments=\count429
\nofMParguments=\count430
\everyMPshowfont=\toks58
\MPscratchCnt=\count431
\MPscratchDim=\dimen314
\MPnumerator=\count432
\makeMPintoPDFobject=\count433
\everyMPtoPDFconversion=\toks59
) (/usr/local/texlive/2022/texmf-dist/tex/latex/epstopdf-pkg/epstopdf-base.sty
Package: epstopdf-base 2020-01-24 v2.11 Base part for package epstopdf
Package epstopdf-base Info: Redefining graphics rule for `.eps' on input line 485.
 (/usr/local/texlive/2022/texmf-dist/tex/latex/latexconfig/epstopdf-sys.cfg
File: epstopdf-sys.cfg 2010/07/13 v1.3 Configuration of (r)epstopdf for TeX Live
))
Package caption Info: Begin \AtBeginDocument code.
Package caption Info: subfig package v1.3 is loaded.
Package caption Info: float package is loaded.
Package caption Info: floatrow package is loaded.
Package caption Info: hyperref package is loaded.
Package caption Info: listings package is loaded.
Package caption Info: longtable package is loaded.
 (/usr/local/texlive/2022/texmf-dist/tex/latex/caption/ltcaption.sty
Package: ltcaption 2021/01/08 v1.4c longtable captions (AR)
)
Package caption Info: Fixing longtable code of `floatrow' package.
Package caption Info: rotating package is loaded.
Package caption Info: threeparttable package is loaded.
Package caption Info: wrapfig package is loaded.
Package caption Info: End \AtBeginDocument code.
 (/usr/local/texlive/2022/texmf-dist/tex/latex/floatrow/fr-subfig.sty
Package: fr-subfig 2007/12/24 v0.1g (beta) floatrow: additions for subfig
\FBsc@max=\skip176
\FBso@max=\skip177
) (/usr/local/texlive/2022/texmf-dist/tex/latex/floatrow/fr-longtable.sty
Package: fr-longtable 2007/11/28 v0.1b (beta) floatrow: additions for longtable
\flrow@LT@lasthead=\box127
\flrow@LT@prelastfoot=\box128
\c@FBLTpage=\count434
)
\symgns@font=\mathgroup7
LaTeX Font Info:    Overwriting symbol font `gns@font' in version `bold'
(Font)                  TS1/lmr/m/n --> TS1/lmr/b/n on input line 57.
Package gensymb Info: Math companion symbols declared on input line 57.
LaTeX Info: Redefining \degree on input line 57.
LaTeX Info: Redefining \celsius on input line 57.
Package gensymb Info: Using text companion symbols for \degree, \celsius and \perthousand on input line 57.
LaTeX Info: Redefining \ohm on input line 57.
Package gensymb Info: Using \textohm for \ohm on input line 57.
Package gensymb Info: Using \textmu for \micro on input line 57.
\c@lstlisting=\count435
Package hyperref Info: Link coloring ON on input line 57.
 (/usr/local/texlive/2022/texmf-dist/tex/latex/hyperref/nameref.sty
Package: nameref 2021-04-02 v2.47 Cross-referencing by name of section
 (/usr/local/texlive/2022/texmf-dist/tex/latex/refcount/refcount.sty
Package: refcount 2019/12/15 v3.6 Data extraction from label references (HO)
) (/usr/local/texlive/2022/texmf-dist/tex/generic/gettitlestring/gettitlestring.sty
Package: gettitlestring 2019/12/15 v1.6 Cleanup title references (HO)
)
\c@section@level=\count436
)
LaTeX Info: Redefining \ref on input line 57.
LaTeX Info: Redefining \pageref on input line 57.
LaTeX Info: Redefining \nameref on input line 57.

/Users/gabrielmiranda/Desktop/Universicosas/Resumenes/main.tex:57: pdfTeX error (setup): PDF version cannot be changed after data is written to the PDF file.
<to be read again> 
                   \edef 
l.57 \begin{document}
                     

 
Here is how much of TeX's memory you used:
 32374 strings out of 478268
 545696 string characters out of 5846347
 1106658 words of memory out of 5000000
 49989 multiletter control sequences out of 15000+600000
 475959 words of font info for 33 fonts, out of 8000000 for 9000
 1141 hyphenation exceptions out of 8191
 118i,5n,123p,17439b,1935s stack positions out of 10000i,1000n,20000p,200000b,200000s
/Users/gabrielmiranda/Desktop/Universicosas/Resumenes/main.tex:57:  ==> Fatal error occurred, no output PDF file produced!
